#
# There is insufficient memory for the Java Runtime Environment to continue.
# Native memory allocation (mmap) failed to map 134217728 bytes. Error detail: G1 virtual space
# Possible reasons:
#   The system is out of physical RAM or swap space
#   This process is running with CompressedOops enabled, and the Java Heap may be blocking the growth of the native heap
# Possible solutions:
#   Reduce memory load on the system
#   Increase physical memory or swap space
#   Check if swap backing store is full
#   Decrease Java heap size (-Xmx/-Xms)
#   Decrease number of Java threads
#   Decrease Java thread stack sizes (-Xss)
#   Set larger code cache with -XX:ReservedCodeCacheSize=
#   JVM is running with Zero Based Compressed Oops mode in which the Java heap is
#     placed in the first 32GB address space. The Java Heap base address is the
#     maximum limit for the native heap growth. Please use -XX:HeapBaseMinAddress
#     to set the Java Heap base and to place the Java Heap above 32GB virtual address.
# This output file may be truncated or incomplete.
#
#  Out of Memory Error (os_windows.cpp:3690), pid=24096, tid=20008
#
# JRE version: OpenJDK Runtime Environment Microsoft-12574423 (17.0.17+10) (build 17.0.17+10-LTS)
# Java VM: OpenJDK 64-Bit Server VM Microsoft-12574423 (17.0.17+10-LTS, mixed mode, sharing, tiered, compressed oops, compressed class ptrs, g1 gc, windows-amd64)
# No core dump will be written. Minidumps are not enabled by default on client versions of Windows
#

---------------  S U M M A R Y ------------

Command Line: --add-opens=java.base/java.util=ALL-UNNAMED --add-opens=java.base/java.lang=ALL-UNNAMED --add-opens=java.base/java.lang.invoke=ALL-UNNAMED --add-opens=java.prefs/java.util.prefs=ALL-UNNAMED --add-opens=java.base/java.nio.charset=ALL-UNNAMED --add-opens=java.base/java.net=ALL-UNNAMED --add-opens=java.base/java.util.concurrent.atomic=ALL-UNNAMED -Xmx3G -Dfile.encoding=UTF-8 -Duser.country=GB -Duser.language=en -Duser.variant -javaagent:C:\Users\qwarx.NOREEN-COMPUTER\.gradle\wrapper\dists\gradle-8.8-bin\dl7vupf4psengwqhwktix4v1\gradle-8.8\lib\agents\gradle-instrumentation-agent-8.8.jar org.gradle.launcher.daemon.bootstrap.GradleDaemon 8.8

Host: Intel(R) Core(TM) i7-8700 CPU @ 3.20GHz, 12 cores, 15G,  Windows 11 , 64 bit Build 26100 (10.0.26100.7653)
Time: Fri Jun  5 17:16:52 2026 GMT Summer Time elapsed time: 54.108843 seconds (0d 0h 0m 54s)

---------------  T H R E A D  ---------------

Current thread (0x00000289b7974cc0):  VMThread "VM Thread" [stack: 0x000000bd48900000,0x000000bd48a00000] [id=20008]

Stack: [0x000000bd48900000,0x000000bd48a00000]
Native frames: (J=compiled Java code, j=interpreted, Vv=VM code, C=native code)
V  [jvm.dll+0x68c459]  (no source info available)
V  [jvm.dll+0x845e09]  (no source info available)
V  [jvm.dll+0x847b78]  (no source info available)
V  [jvm.dll+0x848203]  (no source info available)
V  [jvm.dll+0x24cf6f]  (no source info available)
V  [jvm.dll+0x68b859]  (no source info available)
V  [jvm.dll+0x67fe1a]  (no source info available)
V  [jvm.dll+0x3100f0]  (no source info available)
V  [jvm.dll+0x30ff92]  (no source info available)
V  [jvm.dll+0x3174e9]  (no source info available)
V  [jvm.dll+0x3697c9]  (no source info available)
V  [jvm.dll+0x3699fd]  (no source info available)
V  [jvm.dll+0x2e68fa]  (no source info available)
V  [jvm.dll+0x2e4cf1]  (no source info available)
V  [jvm.dll+0x2e448c]  (no source info available)
V  [jvm.dll+0x3291f1]  (no source info available)
V  [jvm.dll+0x84ca8d]  (no source info available)
V  [jvm.dll+0x84d7a3]  (no source info available)
V  [jvm.dll+0x84dcd4]  (no source info available)
V  [jvm.dll+0x84e0b8]  (no source info available)
V  [jvm.dll+0x84e1ae]  (no source info available)
V  [jvm.dll+0x7f5a5c]  (no source info available)
V  [jvm.dll+0x68d9f7]  (no source info available)
C  [ucrtbase.dll+0x37b0]  (no source info available)
C  [KERNEL32.DLL+0x2e8d7]  (no source info available)
C  [ntdll.dll+0x8c40c]  (no source info available)

VM_Operation (0x000000bd4a3f6bf0): G1TryInitiateConcMark, mode: safepoint, requested by thread 0x00000289fd7d04b0


---------------  P R O C E S S  ---------------

Threads class SMR info:
_java_thread_list=0x0000028981784d50, length=175, elements={
0x0000028996a2da60, 0x00000289b797b470, 0x00000289b797bf40, 0x00000289b798e140,
0x00000289b798ea10, 0x00000289b79944a0, 0x00000289b7994d70, 0x00000289b7997980,
0x00000289b799aa50, 0x00000289b799f3b0, 0x00000289b7967850, 0x00000289b7bc2960,
0x00000289feb666d0, 0x00000289fdd71960, 0x00000289fe5752d0, 0x00000289fd7d2d30,
0x00000289fd7d2820, 0x00000289fd7cffa0, 0x00000289fd7d04b0, 0x00000289fd7d2310,
0x00000289fd7d3240, 0x00000289fd7d09c0, 0x00000289fd7d0ed0, 0x00000289fd7d13e0,
0x00000289fd7d18f0, 0x00000289fd7d1e00, 0x00000289ff1634f0, 0x00000289ff164420,
0x00000289ff1620b0, 0x00000289ff1625c0, 0x00000289ff162ad0, 0x00000289ff163f10,
0x00000289ff162fe0, 0x00000289ff163a00, 0x00000289ff164930, 0x00000289ff161180,
0x00000289ff164e40, 0x00000289ff161690, 0x00000289ff165350, 0x00000289ff161ba0,
0x00000289ff165d70, 0x00000289ff1680e0, 0x00000289ff165860, 0x00000289ff166ca0,
0x00000289ff1671b0, 0x00000289ff1676c0, 0x00000289ff1685f0, 0x00000289ff168b00,
0x00000289818ebf90, 0x00000289818eddf0, 0x00000289818ec4a0, 0x00000289818ee300,
0x00000289818ee810, 0x00000289818ec9b0, 0x00000289818ecec0, 0x00000289818eed20,
0x00000289818eba80, 0x00000289818ef740, 0x00000289818f0670, 0x00000289818ef230,
0x00000289818ed8e0, 0x00000289818f0160, 0x00000289818efc50, 0x00000289818f0b80,
0x00000289818ed3d0, 0x00000289818f1090, 0x00000289818f15a0, 0x00000289818f1ab0,
0x00000289818f1fc0, 0x00000289818f24d0, 0x00000289818f29e0, 0x00000289818f2ef0,
0x00000289818f3400, 0x00000289ff188f90, 0x00000289ff1894a0, 0x00000289ff1899b0,
0x00000289ff18b300, 0x00000289ff18a8e0, 0x00000289ff189ec0, 0x00000289ff18a3d0,
0x00000289ff18b810, 0x00000289ff188060, 0x00000289ff188a80, 0x00000289ff18bd20,
0x00000289ff188570, 0x00000289ff18c230, 0x00000289ff18f4d0, 0x00000289ff18f9e0,
0x00000289ff18c740, 0x00000289ff18db80, 0x00000289ff18cc50, 0x00000289ff18d160,
0x00000289ff18d670, 0x00000289ff18efc0, 0x00000289ff18e090, 0x00000289ff18e5a0,
0x00000289ff18eab0, 0x00000289804999b0, 0x0000028980498a80, 0x0000028980498f90,
0x000002898049a8e0, 0x00000289804994a0, 0x0000028980499ec0, 0x000002898049a3d0,
0x000002898049adf0, 0x000002898049b300, 0x0000028980497b50, 0x000002898049b810,
0x0000028980498570, 0x000002898049db80, 0x000002898049c230, 0x000002898049e090,
0x000002898049eab0, 0x000002898049bd20, 0x000002898049d160, 0x000002898049efc0,
0x000002898049f4d0, 0x000002898049c740, 0x000002898049e5a0, 0x0000028982d7bd60,
0x0000028982d7ae30, 0x0000028982d79f00, 0x0000028982d7c270, 0x0000028982d7a920,
0x0000028982d7b340, 0x0000028982d7b850, 0x0000028982d7c780, 0x0000028982d78fd0,
0x0000028982d7cc90, 0x0000028982d794e0, 0x0000028982d7d1a0, 0x0000028982d799f0,
0x0000028982d7d6b0, 0x0000028982d7dbc0, 0x0000028982d7a410, 0x0000028982d80950,
0x0000028982d7eaf0, 0x0000028982d7e0d0, 0x0000028982d7e5e0, 0x0000028982d7f000,
0x0000028982d7f510, 0x0000028982d7fa20, 0x00000289805c9f60, 0x00000289805c9a50,
0x00000289805c76e0, 0x00000289805ca470, 0x00000289805c7bf0, 0x00000289805c8100,
0x00000289805c6cc0, 0x00000289805c8610, 0x00000289805c9030, 0x00000289805c71d0,
0x00000289805c9540, 0x00000289805c8b20, 0x0000028982d80440, 0x000002898282b720,
0x000002898282bc30, 0x000002898282cb60, 0x000002898282d070, 0x000002898282c140,
0x000002898282da90, 0x000002898282dfa0, 0x000002898282c650, 0x000002898282a7f0,
0x000002898282e4b0, 0x000002898282ad00, 0x000002898282e9c0, 0x000002898282b210,
0x0000028982831c60, 0x000002898282f3e0, 0x0000028982830310, 0x00000289825c95d0,
0x00000289825ca5c0, 0x0000028982830d30, 0x000002898282f8f0
}

Java Threads: ( => current thread )
  0x0000028996a2da60 JavaThread "main" [_thread_blocked, id=21620, stack(0x000000bd48300000,0x000000bd48400000)]
  0x00000289b797b470 JavaThread "Reference Handler" daemon [_thread_blocked, id=17520, stack(0x000000bd48a00000,0x000000bd48b00000)]
  0x00000289b797bf40 JavaThread "Finalizer" daemon [_thread_blocked, id=30992, stack(0x000000bd48b00000,0x000000bd48c00000)]
  0x00000289b798e140 JavaThread "Signal Dispatcher" daemon [_thread_blocked, id=23092, stack(0x000000bd48c00000,0x000000bd48d00000)]
  0x00000289b798ea10 JavaThread "Attach Listener" daemon [_thread_blocked, id=4328, stack(0x000000bd48d00000,0x000000bd48e00000)]
  0x00000289b79944a0 JavaThread "Service Thread" daemon [_thread_blocked, id=29856, stack(0x000000bd48e00000,0x000000bd48f00000)]
  0x00000289b7994d70 JavaThread "Monitor Deflation Thread" daemon [_thread_blocked, id=17320, stack(0x000000bd48f00000,0x000000bd49000000)]
  0x00000289b7997980 JavaThread "C2 CompilerThread0" daemon [_thread_blocked, id=6584, stack(0x000000bd49000000,0x000000bd49100000)]
  0x00000289b799aa50 JavaThread "C1 CompilerThread0" daemon [_thread_blocked, id=26200, stack(0x000000bd49100000,0x000000bd49200000)]
  0x00000289b799f3b0 JavaThread "Sweeper thread" daemon [_thread_blocked, id=31668, stack(0x000000bd49200000,0x000000bd49300000)]
  0x00000289b7967850 JavaThread "Common-Cleaner" daemon [_thread_blocked, id=14932, stack(0x000000bd49300000,0x000000bd49400000)]
  0x00000289b7bc2960 JavaThread "Notification Thread" daemon [_thread_blocked, id=25320, stack(0x000000bd49400000,0x000000bd49500000)]
  0x00000289feb666d0 JavaThread "Daemon health stats" [_thread_blocked, id=8152, stack(0x000000bd49d00000,0x000000bd49e00000)]
  0x00000289fdd71960 JavaThread "Incoming local TCP Connector on port 57748" [_thread_in_native, id=16436, stack(0x000000bd49e00000,0x000000bd49f00000)]
  0x00000289fe5752d0 JavaThread "Daemon periodic checks" [_thread_blocked, id=31208, stack(0x000000bd49f00000,0x000000bd4a000000)]
  0x00000289fd7d2d30 JavaThread "Daemon" [_thread_blocked, id=21096, stack(0x000000bd4a000000,0x000000bd4a100000)]
  0x00000289fd7d2820 JavaThread "Handler for socket connection from /127.0.0.1:57748 to /127.0.0.1:57749" [_thread_in_native, id=5792, stack(0x000000bd4a100000,0x000000bd4a200000)]
  0x00000289fd7cffa0 JavaThread "Cancel handler" [_thread_blocked, id=29648, stack(0x000000bd4a200000,0x000000bd4a300000)]
  0x00000289fd7d04b0 JavaThread "Daemon worker" [_thread_blocked, id=21964, stack(0x000000bd4a300000,0x000000bd4a400000)]
  0x00000289fd7d2310 JavaThread "Asynchronous log dispatcher for DefaultDaemonConnection: socket connection from /127.0.0.1:57748 to /127.0.0.1:57749" [_thread_blocked, id=24236, stack(0x000000bd4a400000,0x000000bd4a500000)]
  0x00000289fd7d3240 JavaThread "Stdin handler" [_thread_blocked, id=27632, stack(0x000000bd4a500000,0x000000bd4a600000)]
  0x00000289fd7d09c0 JavaThread "Daemon client event forwarder" [_thread_blocked, id=20600, stack(0x000000bd4a600000,0x000000bd4a700000)]
  0x00000289fd7d0ed0 JavaThread "Cache worker for journal cache (C:\Users\qwarx.NOREEN-COMPUTER\.gradle\caches\journal-1)" [_thread_blocked, id=7144, stack(0x000000bd49700000,0x000000bd49800000)]
  0x00000289fd7d13e0 JavaThread "File lock request listener" [_thread_in_native, id=22128, stack(0x000000bd4a700000,0x000000bd4a800000)]
  0x00000289fd7d18f0 JavaThread "Cache worker for file hash cache (C:\Users\qwarx.NOREEN-COMPUTER\.gradle\caches\8.8\fileHashes)" [_thread_blocked, id=6128, stack(0x000000bd4a800000,0x000000bd4a900000)]
  0x00000289fd7d1e00 JavaThread "Cache worker for file hash cache (C:\Users\qwarx.NOREEN-COMPUTER\EzyNetherrack\.gradle\8.8\fileHashes)" [_thread_blocked, id=3552, stack(0x000000bd4aa00000,0x000000bd4ab00000)]
  0x00000289ff1634f0 JavaThread "File watcher server" daemon [_thread_in_native, id=4784, stack(0x000000bd4b100000,0x000000bd4b200000)]
  0x00000289ff164420 JavaThread "File watcher consumer" daemon [_thread_blocked, id=11920, stack(0x000000bd4b200000,0x000000bd4b300000)]
  0x00000289ff1620b0 JavaThread "jar transforms" [_thread_blocked, id=1400, stack(0x000000bd4b300000,0x000000bd4b400000)]
  0x00000289ff1625c0 JavaThread "jar transforms Thread 2" [_thread_blocked, id=17832, stack(0x000000bd4b400000,0x000000bd4b500000)]
  0x00000289ff162ad0 JavaThread "jar transforms Thread 3" [_thread_blocked, id=9600, stack(0x000000bd4b500000,0x000000bd4b600000)]
  0x00000289ff163f10 JavaThread "jar transforms Thread 4" [_thread_blocked, id=22288, stack(0x000000bd4b600000,0x000000bd4b700000)]
  0x00000289ff162fe0 JavaThread "jar transforms Thread 5" [_thread_blocked, id=29536, stack(0x000000bd4b700000,0x000000bd4b800000)]
  0x00000289ff163a00 JavaThread "jar transforms Thread 6" [_thread_blocked, id=3028, stack(0x000000bd4b800000,0x000000bd4b900000)]
  0x00000289ff164930 JavaThread "jar transforms Thread 7" [_thread_blocked, id=22932, stack(0x000000bd4b900000,0x000000bd4ba00000)]
  0x00000289ff161180 JavaThread "jar transforms Thread 8" [_thread_blocked, id=2672, stack(0x000000bd4ba00000,0x000000bd4bb00000)]
  0x00000289ff164e40 JavaThread "jar transforms Thread 9" [_thread_blocked, id=9288, stack(0x000000bd4bb00000,0x000000bd4bc00000)]
  0x00000289ff161690 JavaThread "jar transforms Thread 10" [_thread_blocked, id=3228, stack(0x000000bd4bc00000,0x000000bd4bd00000)]
  0x00000289ff165350 JavaThread "jar transforms Thread 11" [_thread_blocked, id=16796, stack(0x000000bd4bd00000,0x000000bd4be00000)]
  0x00000289ff161ba0 JavaThread "jar transforms Thread 12" [_thread_blocked, id=3204, stack(0x000000bd4be00000,0x000000bd4bf00000)]
  0x00000289ff165d70 JavaThread "Cache worker for checksums cache (C:\Users\qwarx.NOREEN-COMPUTER\EzyNetherrack\.gradle\8.8\checksums)" [_thread_blocked, id=26656, stack(0x000000bd4bf00000,0x000000bd4c000000)]
  0x00000289ff1680e0 JavaThread "Cache worker for file content cache (C:\Users\qwarx.NOREEN-COMPUTER\.gradle\caches\8.8\fileContent)" [_thread_blocked, id=1860, stack(0x000000bd4c000000,0x000000bd4c100000)]
  0x00000289ff165860 JavaThread "Cache worker for cache directory md-rule (C:\Users\qwarx.NOREEN-COMPUTER\.gradle\caches\8.8\md-rule)" [_thread_blocked, id=23244, stack(0x000000bd4c100000,0x000000bd4c200000)]
  0x00000289ff166ca0 JavaThread "Cache worker for cache directory md-supplier (C:\Users\qwarx.NOREEN-COMPUTER\.gradle\caches\8.8\md-supplier)" [_thread_blocked, id=9224, stack(0x000000bd4c200000,0x000000bd4c300000)]
  0x00000289ff1671b0 JavaThread "Unconstrained build operations" [_thread_blocked, id=5832, stack(0x000000bd4c300000,0x000000bd4c400000)]
  0x00000289ff1676c0 JavaThread "Unconstrained build operations Thread 2" [_thread_blocked, id=23276, stack(0x000000bd4c400000,0x000000bd4c500000)]
  0x00000289ff1685f0 JavaThread "Unconstrained build operations Thread 3" [_thread_blocked, id=2412, stack(0x000000bd4c500000,0x000000bd4c600000)]
  0x00000289ff168b00 JavaThread "Unconstrained build operations Thread 4" [_thread_blocked, id=22012, stack(0x000000bd4c600000,0x000000bd4c700000)]
  0x00000289818ebf90 JavaThread "Unconstrained build operations Thread 5" [_thread_blocked, id=24276, stack(0x000000bd4c700000,0x000000bd4c800000)]
  0x00000289818eddf0 JavaThread "Unconstrained build operations Thread 6" [_thread_blocked, id=19752, stack(0x000000bd4c800000,0x000000bd4c900000)]
  0x00000289818ec4a0 JavaThread "Unconstrained build operations Thread 7" [_thread_blocked, id=20652, stack(0x000000bd4c900000,0x000000bd4ca00000)]
  0x00000289818ee300 JavaThread "Unconstrained build operations Thread 8" [_thread_blocked, id=31096, stack(0x000000bd4ca00000,0x000000bd4cb00000)]
  0x00000289818ee810 JavaThread "Unconstrained build operations Thread 9" [_thread_blocked, id=24256, stack(0x000000bd4cb00000,0x000000bd4cc00000)]
  0x00000289818ec9b0 JavaThread "Unconstrained build operations Thread 10" [_thread_blocked, id=25976, stack(0x000000bd4cc00000,0x000000bd4cd00000)]
  0x00000289818ecec0 JavaThread "Unconstrained build operations Thread 11" [_thread_blocked, id=15876, stack(0x000000bd4cd00000,0x000000bd4ce00000)]
  0x00000289818eed20 JavaThread "Unconstrained build operations Thread 12" [_thread_blocked, id=23008, stack(0x000000bd4ce00000,0x000000bd4cf00000)]
  0x00000289818eba80 JavaThread "Unconstrained build operations Thread 13" [_thread_blocked, id=3712, stack(0x000000bd4cf00000,0x000000bd4d000000)]
  0x00000289818ef740 JavaThread "Unconstrained build operations Thread 14" [_thread_blocked, id=11312, stack(0x000000bd4d000000,0x000000bd4d100000)]
  0x00000289818f0670 JavaThread "Unconstrained build operations Thread 15" [_thread_blocked, id=15152, stack(0x000000bd4d100000,0x000000bd4d200000)]
  0x00000289818ef230 JavaThread "Unconstrained build operations Thread 16" [_thread_blocked, id=25640, stack(0x000000bd4d200000,0x000000bd4d300000)]
  0x00000289818ed8e0 JavaThread "Unconstrained build operations Thread 17" [_thread_blocked, id=4244, stack(0x000000bd4d300000,0x000000bd4d400000)]
  0x00000289818f0160 JavaThread "Unconstrained build operations Thread 18" [_thread_blocked, id=26512, stack(0x000000bd4d400000,0x000000bd4d500000)]
  0x00000289818efc50 JavaThread "Unconstrained build operations Thread 19" [_thread_blocked, id=18132, stack(0x000000bd4d500000,0x000000bd4d600000)]
  0x00000289818f0b80 JavaThread "Unconstrained build operations Thread 20" [_thread_blocked, id=31728, stack(0x000000bd4d600000,0x000000bd4d700000)]
  0x00000289818ed3d0 JavaThread "Unconstrained build operations Thread 21" [_thread_blocked, id=19524, stack(0x000000bd4d700000,0x000000bd4d800000)]
  0x00000289818f1090 JavaThread "Unconstrained build operations Thread 22" [_thread_blocked, id=5044, stack(0x000000bd4d800000,0x000000bd4d900000)]
  0x00000289818f15a0 JavaThread "Unconstrained build operations Thread 23" [_thread_blocked, id=21408, stack(0x000000bd4d900000,0x000000bd4da00000)]
  0x00000289818f1ab0 JavaThread "Unconstrained build operations Thread 24" [_thread_blocked, id=1832, stack(0x000000bd4da00000,0x000000bd4db00000)]
  0x00000289818f1fc0 JavaThread "Unconstrained build operations Thread 25" [_thread_blocked, id=12380, stack(0x000000bd4db00000,0x000000bd4dc00000)]
  0x00000289818f24d0 JavaThread "Unconstrained build operations Thread 26" [_thread_blocked, id=26432, stack(0x000000bd4dc00000,0x000000bd4dd00000)]
  0x00000289818f29e0 JavaThread "Unconstrained build operations Thread 27" [_thread_blocked, id=26640, stack(0x000000bd4dd00000,0x000000bd4de00000)]
  0x00000289818f2ef0 JavaThread "Unconstrained build operations Thread 28" [_thread_blocked, id=12444, stack(0x000000bd4de00000,0x000000bd4df00000)]
  0x00000289818f3400 JavaThread "Unconstrained build operations Thread 29" [_thread_blocked, id=2688, stack(0x000000bd4df00000,0x000000bd4e000000)]
  0x00000289ff188f90 JavaThread "Unconstrained build operations Thread 30" [_thread_blocked, id=17624, stack(0x000000bd4e000000,0x000000bd4e100000)]
  0x00000289ff1894a0 JavaThread "Unconstrained build operations Thread 31" [_thread_blocked, id=19136, stack(0x000000bd4e100000,0x000000bd4e200000)]
  0x00000289ff1899b0 JavaThread "Cache worker for Build Output Cleanup Cache (C:\Users\qwarx.NOREEN-COMPUTER\EzyNetherrack\.gradle\buildOutputCleanup)" [_thread_blocked, id=17600, stack(0x000000bd4e200000,0x000000bd4e300000)]
  0x00000289ff18b300 JavaThread "Unconstrained build operations Thread 32" [_thread_blocked, id=22340, stack(0x000000bd4e300000,0x000000bd4e400000)]
  0x00000289ff18a8e0 JavaThread "Unconstrained build operations Thread 33" [_thread_blocked, id=2220, stack(0x000000bd4e400000,0x000000bd4e500000)]
  0x00000289ff189ec0 JavaThread "Unconstrained build operations Thread 34" [_thread_blocked, id=3428, stack(0x000000bd4e500000,0x000000bd4e600000)]
  0x00000289ff18a3d0 JavaThread "Unconstrained build operations Thread 35" [_thread_blocked, id=30776, stack(0x000000bd4e600000,0x000000bd4e700000)]
  0x00000289ff18b810 JavaThread "Unconstrained build operations Thread 36" [_thread_blocked, id=28976, stack(0x000000bd4e700000,0x000000bd4e800000)]
  0x00000289ff188060 JavaThread "Unconstrained build operations Thread 37" [_thread_blocked, id=19860, stack(0x000000bd4e800000,0x000000bd4e900000)]
  0x00000289ff188a80 JavaThread "Unconstrained build operations Thread 38" [_thread_blocked, id=1152, stack(0x000000bd4e900000,0x000000bd4ea00000)]
  0x00000289ff18bd20 JavaThread "Unconstrained build operations Thread 39" [_thread_blocked, id=31360, stack(0x000000bd4ea00000,0x000000bd4eb00000)]
  0x00000289ff188570 JavaThread "Unconstrained build operations Thread 40" [_thread_blocked, id=20792, stack(0x000000bd4eb00000,0x000000bd4ec00000)]
  0x00000289ff18c230 JavaThread "Unconstrained build operations Thread 41" [_thread_blocked, id=29568, stack(0x000000bd4ec00000,0x000000bd4ed00000)]
  0x00000289ff18f4d0 JavaThread "Unconstrained build operations Thread 42" [_thread_blocked, id=31268, stack(0x000000bd4ed00000,0x000000bd4ee00000)]
  0x00000289ff18f9e0 JavaThread "Unconstrained build operations Thread 43" [_thread_blocked, id=14116, stack(0x000000bd4ee00000,0x000000bd4ef00000)]
  0x00000289ff18c740 JavaThread "Unconstrained build operations Thread 44" [_thread_blocked, id=29780, stack(0x000000bd4ef00000,0x000000bd4f000000)]
  0x00000289ff18db80 JavaThread "Unconstrained build operations Thread 45" [_thread_blocked, id=22124, stack(0x000000bd4f000000,0x000000bd4f100000)]
  0x00000289ff18cc50 JavaThread "Unconstrained build operations Thread 46" [_thread_blocked, id=13228, stack(0x000000bd4f100000,0x000000bd4f200000)]
  0x00000289ff18d160 JavaThread "Unconstrained build operations Thread 47" [_thread_blocked, id=20772, stack(0x000000bd4f200000,0x000000bd4f300000)]
  0x00000289ff18d670 JavaThread "Unconstrained build operations Thread 48" [_thread_blocked, id=30864, stack(0x000000bd4f300000,0x000000bd4f400000)]
  0x00000289ff18efc0 JavaThread "Unconstrained build operations Thread 49" [_thread_blocked, id=26676, stack(0x000000bd4f400000,0x000000bd4f500000)]
  0x00000289ff18e090 JavaThread "Unconstrained build operations Thread 50" [_thread_blocked, id=12856, stack(0x000000bd4f500000,0x000000bd4f600000)]
  0x00000289ff18e5a0 JavaThread "Unconstrained build operations Thread 51" [_thread_blocked, id=7916, stack(0x000000bd4f600000,0x000000bd4f700000)]
  0x00000289ff18eab0 JavaThread "Unconstrained build operations Thread 52" [_thread_blocked, id=12404, stack(0x000000bd4f700000,0x000000bd4f800000)]
  0x00000289804999b0 JavaThread "Unconstrained build operations Thread 53" [_thread_blocked, id=4356, stack(0x000000bd4f800000,0x000000bd4f900000)]
  0x0000028980498a80 JavaThread "Unconstrained build operations Thread 54" [_thread_blocked, id=28620, stack(0x000000bd4f900000,0x000000bd4fa00000)]
  0x0000028980498f90 JavaThread "Unconstrained build operations Thread 55" [_thread_blocked, id=26604, stack(0x000000bd4fa00000,0x000000bd4fb00000)]
  0x000002898049a8e0 JavaThread "Unconstrained build operations Thread 56" [_thread_blocked, id=1372, stack(0x000000bd4fb00000,0x000000bd4fc00000)]
  0x00000289804994a0 JavaThread "Unconstrained build operations Thread 57" [_thread_blocked, id=1428, stack(0x000000bd4fc00000,0x000000bd4fd00000)]
  0x0000028980499ec0 JavaThread "Unconstrained build operations Thread 58" [_thread_blocked, id=28712, stack(0x000000bd4fd00000,0x000000bd4fe00000)]
  0x000002898049a3d0 JavaThread "Unconstrained build operations Thread 59" [_thread_blocked, id=9936, stack(0x000000bd4fe00000,0x000000bd4ff00000)]
  0x000002898049adf0 JavaThread "Unconstrained build operations Thread 60" [_thread_blocked, id=3472, stack(0x000000bd4ff00000,0x000000bd50000000)]
  0x000002898049b300 JavaThread "Unconstrained build operations Thread 61" [_thread_blocked, id=31640, stack(0x000000bd50000000,0x000000bd50100000)]
  0x0000028980497b50 JavaThread "Unconstrained build operations Thread 62" [_thread_blocked, id=25312, stack(0x000000bd50100000,0x000000bd50200000)]
  0x000002898049b810 JavaThread "Unconstrained build operations Thread 63" [_thread_blocked, id=29056, stack(0x000000bd50200000,0x000000bd50300000)]
  0x0000028980498570 JavaThread "Unconstrained build operations Thread 64" [_thread_blocked, id=22204, stack(0x000000bd50300000,0x000000bd50400000)]
  0x000002898049db80 JavaThread "Memory manager" [_thread_blocked, id=13936, stack(0x000000bd4a900000,0x000000bd4aa00000)]
  0x000002898049c230 JavaThread "Unconstrained build operations Thread 65" [_thread_blocked, id=11736, stack(0x000000bd50600000,0x000000bd50700000)]
  0x000002898049e090 JavaThread "Unconstrained build operations Thread 66" [_thread_blocked, id=28212, stack(0x000000bd50700000,0x000000bd50800000)]
  0x000002898049eab0 JavaThread "Unconstrained build operations Thread 67" [_thread_blocked, id=2880, stack(0x000000bd50800000,0x000000bd50900000)]
  0x000002898049bd20 JavaThread "Unconstrained build operations Thread 68" [_thread_blocked, id=27224, stack(0x000000bd50900000,0x000000bd50a00000)]
  0x000002898049d160 JavaThread "Unconstrained build operations Thread 69" [_thread_blocked, id=20520, stack(0x000000bd50a00000,0x000000bd50b00000)]
  0x000002898049efc0 JavaThread "Unconstrained build operations Thread 70" [_thread_blocked, id=21256, stack(0x000000bd50b00000,0x000000bd50c00000)]
  0x000002898049f4d0 JavaThread "Unconstrained build operations Thread 71" [_thread_blocked, id=13084, stack(0x000000bd50c00000,0x000000bd50d00000)]
  0x000002898049c740 JavaThread "Unconstrained build operations Thread 72" [_thread_blocked, id=11100, stack(0x000000bd50d00000,0x000000bd50e00000)]
  0x000002898049e5a0 JavaThread "Unconstrained build operations Thread 73" [_thread_blocked, id=22628, stack(0x000000bd50e00000,0x000000bd50f00000)]
  0x0000028982d7bd60 JavaThread "Unconstrained build operations Thread 74" [_thread_blocked, id=4092, stack(0x000000bd50f00000,0x000000bd51000000)]
  0x0000028982d7ae30 JavaThread "Unconstrained build operations Thread 75" [_thread_blocked, id=21560, stack(0x000000bd51000000,0x000000bd51100000)]
  0x0000028982d79f00 JavaThread "Unconstrained build operations Thread 76" [_thread_blocked, id=23216, stack(0x000000bd51100000,0x000000bd51200000)]
  0x0000028982d7c270 JavaThread "Unconstrained build operations Thread 77" [_thread_blocked, id=3748, stack(0x000000bd51200000,0x000000bd51300000)]
  0x0000028982d7a920 JavaThread "Unconstrained build operations Thread 78" [_thread_blocked, id=12752, stack(0x000000bd51300000,0x000000bd51400000)]
  0x0000028982d7b340 JavaThread "Unconstrained build operations Thread 79" [_thread_blocked, id=12648, stack(0x000000bd51400000,0x000000bd51500000)]
  0x0000028982d7b850 JavaThread "Unconstrained build operations Thread 80" [_thread_blocked, id=6912, stack(0x000000bd51500000,0x000000bd51600000)]
  0x0000028982d7c780 JavaThread "Unconstrained build operations Thread 81" [_thread_blocked, id=14208, stack(0x000000bd51600000,0x000000bd51700000)]
  0x0000028982d78fd0 JavaThread "Unconstrained build operations Thread 82" [_thread_blocked, id=2136, stack(0x000000bd51700000,0x000000bd51800000)]
  0x0000028982d7cc90 JavaThread "Unconstrained build operations Thread 83" [_thread_blocked, id=25372, stack(0x000000bd51800000,0x000000bd51900000)]
  0x0000028982d794e0 JavaThread "included builds" [_thread_blocked, id=6740, stack(0x000000bd51900000,0x000000bd51a00000)]
  0x0000028982d7d1a0 JavaThread "Execution worker" [_thread_blocked, id=25888, stack(0x000000bd51a00000,0x000000bd51b00000)]
  0x0000028982d799f0 JavaThread "Execution worker Thread 2" [_thread_blocked, id=31540, stack(0x000000bd51b00000,0x000000bd51c00000)]
  0x0000028982d7d6b0 JavaThread "Execution worker Thread 3" [_thread_blocked, id=28544, stack(0x000000bd51c00000,0x000000bd51d00000)]
  0x0000028982d7dbc0 JavaThread "Execution worker Thread 4" [_thread_blocked, id=21576, stack(0x000000bd51d00000,0x000000bd51e00000)]
  0x0000028982d7a410 JavaThread "Execution worker Thread 5" [_thread_blocked, id=13212, stack(0x000000bd51e00000,0x000000bd51f00000)]
  0x0000028982d80950 JavaThread "Execution worker Thread 6" [_thread_blocked, id=1444, stack(0x000000bd51f00000,0x000000bd52000000)]
  0x0000028982d7eaf0 JavaThread "Execution worker Thread 7" [_thread_blocked, id=13908, stack(0x000000bd52000000,0x000000bd52100000)]
  0x0000028982d7e0d0 JavaThread "Execution worker Thread 8" [_thread_blocked, id=7672, stack(0x000000bd52100000,0x000000bd52200000)]
  0x0000028982d7e5e0 JavaThread "Execution worker Thread 9" [_thread_blocked, id=20248, stack(0x000000bd52200000,0x000000bd52300000)]
  0x0000028982d7f000 JavaThread "Execution worker Thread 10" [_thread_blocked, id=11044, stack(0x000000bd52300000,0x000000bd52400000)]
  0x0000028982d7f510 JavaThread "Execution worker Thread 11" [_thread_blocked, id=30032, stack(0x000000bd52400000,0x000000bd52500000)]
  0x0000028982d7fa20 JavaThread "Cache worker for execution history cache (C:\Users\qwarx.NOREEN-COMPUTER\EzyNetherrack\.gradle\8.8\executionHistory)" [_thread_blocked, id=1848, stack(0x000000bd52500000,0x000000bd52600000)]
  0x00000289805c9f60 JavaThread "ForkJoinPool.commonPool-worker-1" daemon [_thread_blocked, id=30164, stack(0x000000bd52600000,0x000000bd52700000)]
  0x00000289805c9a50 JavaThread "ForkJoinPool.commonPool-worker-2" daemon [_thread_blocked, id=7528, stack(0x000000bd52700000,0x000000bd52800000)]
  0x00000289805c76e0 JavaThread "ForkJoinPool.commonPool-worker-3" daemon [_thread_blocked, id=3292, stack(0x000000bd52800000,0x000000bd52900000)]
  0x00000289805ca470 JavaThread "ForkJoinPool.commonPool-worker-4" daemon [_thread_blocked, id=17352, stack(0x000000bd52900000,0x000000bd52a00000)]
  0x00000289805c7bf0 JavaThread "ForkJoinPool.commonPool-worker-5" daemon [_thread_blocked, id=8792, stack(0x000000bd52a00000,0x000000bd52b00000)]
  0x00000289805c8100 JavaThread "ForkJoinPool.commonPool-worker-6" daemon [_thread_blocked, id=19124, stack(0x000000bd52b00000,0x000000bd52c00000)]
  0x00000289805c6cc0 JavaThread "ForkJoinPool.commonPool-worker-8" daemon [_thread_blocked, id=2028, stack(0x000000bd52c00000,0x000000bd52d00000)]
  0x00000289805c8610 JavaThread "ForkJoinPool.commonPool-worker-9" daemon [_thread_blocked, id=13096, stack(0x000000bd52d00000,0x000000bd52e00000)]
  0x00000289805c9030 JavaThread "ForkJoinPool.commonPool-worker-7" daemon [_thread_blocked, id=23168, stack(0x000000bd52e00000,0x000000bd52f00000)]
  0x00000289805c71d0 JavaThread "ForkJoinPool.commonPool-worker-10" daemon [_thread_blocked, id=12936, stack(0x000000bd52f00000,0x000000bd53000000)]
  0x00000289805c9540 JavaThread "Exec process" daemon [_thread_blocked, id=5784, stack(0x000000bd53000000,0x000000bd53100000)]
  0x00000289805c8b20 JavaThread "ForkJoinPool.commonPool-worker-11" daemon [_thread_blocked, id=30968, stack(0x000000bd53100000,0x000000bd53200000)]
  0x0000028982d80440 JavaThread "Exec process Thread 2" daemon [_thread_blocked, id=7744, stack(0x000000bd53200000,0x000000bd53300000)]
  0x000002898282b720 JavaThread "Exec process Thread 3" daemon [_thread_blocked, id=3112, stack(0x000000bd53300000,0x000000bd53400000)]
  0x000002898282bc30 JavaThread "idea-tooling-model-converter" [_thread_blocked, id=4780, stack(0x000000bd49600000,0x000000bd49700000)]
  0x000002898282cb60 JavaThread "Unconstrained build operations Thread 84" [_thread_blocked, id=26828, stack(0x000000bd53400000,0x000000bd53500000)]
  0x000002898282d070 JavaThread "Unconstrained build operations Thread 85" [_thread_blocked, id=28748, stack(0x000000bd53500000,0x000000bd53600000)]
  0x000002898282c140 JavaThread "Unconstrained build operations Thread 86" [_thread_blocked, id=3404, stack(0x000000bd53600000,0x000000bd53700000)]
  0x000002898282da90 JavaThread "Unconstrained build operations Thread 87" [_thread_blocked, id=4608, stack(0x000000bd53700000,0x000000bd53800000)]
  0x000002898282dfa0 JavaThread "Unconstrained build operations Thread 88" [_thread_blocked, id=32356, stack(0x000000bd53800000,0x000000bd53900000)]
  0x000002898282c650 JavaThread "Unconstrained build operations Thread 89" [_thread_blocked, id=31840, stack(0x000000bd53a00000,0x000000bd53b00000)]
  0x000002898282a7f0 JavaThread "Unconstrained build operations Thread 90" [_thread_blocked, id=4044, stack(0x000000bd53b00000,0x000000bd53c00000)]
  0x000002898282e4b0 JavaThread "Unconstrained build operations Thread 91" [_thread_blocked, id=31232, stack(0x000000bd53c00000,0x000000bd53d00000)]
  0x000002898282ad00 JavaThread "Unconstrained build operations Thread 92" [_thread_blocked, id=22740, stack(0x000000bd53d00000,0x000000bd53e00000)]
  0x000002898282e9c0 JavaThread "Unconstrained build operations Thread 93" [_thread_blocked, id=31736, stack(0x000000bd53e00000,0x000000bd53f00000)]
  0x000002898282b210 JavaThread "Unconstrained build operations Thread 94" [_thread_blocked, id=32504, stack(0x000000bd53f00000,0x000000bd54000000)]
  0x0000028982831c60 JavaThread "Unconstrained build operations Thread 95" [_thread_blocked, id=13988, stack(0x000000bd54000000,0x000000bd54100000)]
  0x000002898282f3e0 JavaThread "Unconstrained build operations Thread 96" [_thread_blocked, id=29452, stack(0x000000bd54100000,0x000000bd54200000)]
  0x0000028982830310 JavaThread "Unconstrained build operations Thread 97" [_thread_blocked, id=25256, stack(0x000000bd54200000,0x000000bd54300000)]
  0x00000289825c95d0 JavaThread "C2 CompilerThread1" daemon [_thread_blocked, id=21552, stack(0x000000bd54300000,0x000000bd54400000)]
  0x00000289825ca5c0 JavaThread "C2 CompilerThread2" daemon [_thread_blocked, id=8516, stack(0x000000bd54400000,0x000000bd54500000)]
  0x0000028982830d30 JavaThread "Unconstrained build operations Thread 98" [_thread_blocked, id=13492, stack(0x000000bd54500000,0x000000bd54600000)]
  0x000002898282f8f0 JavaThread "Unconstrained build operations Thread 99" [_thread_blocked, id=16284, stack(0x000000bd54600000,0x000000bd54700000)]

Other Threads:
=>0x00000289b7974cc0 VMThread "VM Thread" [stack: 0x000000bd48900000,0x000000bd48a00000] [id=20008]
  0x0000028996a2e7f0 WatcherThread [stack: 0x000000bd49500000,0x000000bd49600000] [id=29236]
  0x0000028996a87ff0 GCTaskThread "GC Thread#0" [stack: 0x000000bd48400000,0x000000bd48500000] [id=26920]
  0x00000289fd919350 GCTaskThread "GC Thread#1" [stack: 0x000000bd49800000,0x000000bd49900000] [id=22716]
  0x00000289fd80a0a0 GCTaskThread "GC Thread#2" [stack: 0x000000bd49900000,0x000000bd49a00000] [id=29512]
  0x00000289fd86d9d0 GCTaskThread "GC Thread#3" [stack: 0x000000bd49a00000,0x000000bd49b00000] [id=28840]
  0x00000289fd9656c0 GCTaskThread "GC Thread#4" [stack: 0x000000bd49b00000,0x000000bd49c00000] [id=27732]
  0x00000289fda5d1f0 GCTaskThread "GC Thread#5" [stack: 0x000000bd49c00000,0x000000bd49d00000] [id=6864]
  0x00000289fda5c3e0 GCTaskThread "GC Thread#6" [stack: 0x000000bd4ab00000,0x000000bd4ac00000] [id=31508]
  0x00000289fda5c6b0 GCTaskThread "GC Thread#7" [stack: 0x000000bd4ac00000,0x000000bd4ad00000] [id=12376]
  0x00000289fda5c980 GCTaskThread "GC Thread#8" [stack: 0x000000bd4ad00000,0x000000bd4ae00000] [id=19584]
  0x00000289fda5cc50 GCTaskThread "GC Thread#9" [stack: 0x000000bd4ae00000,0x000000bd4af00000] [id=19864]
  0x0000028996a96e70 ConcurrentGCThread "G1 Main Marker" [stack: 0x000000bd48500000,0x000000bd48600000] [id=2440]
  0x0000028996a99480 ConcurrentGCThread "G1 Conc#0" [stack: 0x000000bd48600000,0x000000bd48700000] [id=16980]
  0x00000289808f3be0 ConcurrentGCThread "G1 Conc#1" [stack: 0x000000bd4af00000,0x000000bd4b000000] [id=30140]
  0x00000289808f3910 ConcurrentGCThread "G1 Conc#2" [stack: 0x000000bd4b000000,0x000000bd4b100000] [id=8448]
  0x0000028996adea10 ConcurrentGCThread "G1 Refine#0" [stack: 0x000000bd48700000,0x000000bd48800000] [id=26408]
  0x00000289b782d930 ConcurrentGCThread "G1 Service" [stack: 0x000000bd48800000,0x000000bd48900000] [id=29072]

Threads with active compile tasks:

VM state: at safepoint (normal execution)

VM Mutex/Monitor currently owned by a thread:  ([mutex/lock_event])
[0x0000028994610db0] Threads_lock - owner thread: 0x00000289b7974cc0
[0x0000028996a2bb40] Heap_lock - owner thread: 0x00000289fd7d04b0

Heap address: 0x0000000740000000, size: 3072 MB, Compressed Oops mode: Zero based, Oop shift amount: 3

CDS archive(s) mapped at: [0x00000289b8000000-0x00000289b8bb0000-0x00000289b8bb0000), size 12255232, SharedBaseAddress: 0x00000289b8000000, ArchiveRelocationMode: 1.
Compressed class space mapped at: 0x00000289b9000000-0x00000289f9000000, reserved size: 1073741824
Narrow klass base: 0x00000289b8000000, Narrow klass shift: 0, Narrow klass range: 0x100000000

GC Precious Log:
 CPUs: 12 total, 12 available
 Memory: 16214M
 Large Page Support: Disabled
 NUMA Support: Disabled
 Compressed Oops: Enabled (Zero based)
 Heap Region Size: 2M
 Heap Min Capacity: 8M
 Heap Initial Capacity: 254M
 Heap Max Capacity: 3G
 Pre-touch: Disabled
 Parallel Workers: 10
 Concurrent Workers: 3
 Concurrent Refinement Workers: 10
 Periodic GC: Disabled

Heap:
 garbage-first heap   total 294912K, used 117967K [0x0000000740000000, 0x0000000800000000)
  region size 2048K, 3 young (6144K), 3 survivors (6144K)
 Metaspace       used 77675K, committed 78464K, reserved 1179648K
  class space    used 10780K, committed 11136K, reserved 1048576K

Heap Regions: E=young(eden), S=young(survivor), O=old, HS=humongous(starts), HC=humongous(continues), CS=collection set, F=free, OA=open archive, CA=closed archive, TAMS=top-at-mark-start (previous, next)
|   0|0x0000000740000000, 0x0000000740200000, 0x0000000740200000|100%|HS|  |TAMS 0x0000000740200000, 0x0000000740200000| Complete 
|   1|0x0000000740200000, 0x0000000740400000, 0x0000000740400000|100%|HC|  |TAMS 0x0000000740400000, 0x0000000740400000| Complete 
|   2|0x0000000740400000, 0x0000000740600000, 0x0000000740600000|100%| O|  |TAMS 0x0000000740600000, 0x0000000740600000| Untracked 
|   3|0x0000000740600000, 0x0000000740800000, 0x0000000740800000|100%| O|  |TAMS 0x0000000740800000, 0x0000000740800000| Untracked 
|   4|0x0000000740800000, 0x0000000740a00000, 0x0000000740a00000|100%| O|  |TAMS 0x0000000740a00000, 0x0000000740a00000| Untracked 
|   5|0x0000000740a00000, 0x0000000740a68a00, 0x0000000740c00000| 20%| O|  |TAMS 0x0000000740a68a00, 0x0000000740a68a00| Untracked 
|   6|0x0000000740c00000, 0x0000000740e00000, 0x0000000740e00000|100%|HS|  |TAMS 0x0000000740e00000, 0x0000000740e00000| Complete 
|   7|0x0000000740e00000, 0x0000000741000000, 0x0000000741000000|100%|HC|  |TAMS 0x0000000741000000, 0x0000000741000000| Complete 
|   8|0x0000000741000000, 0x0000000741200000, 0x0000000741200000|100%|HC|  |TAMS 0x0000000741200000, 0x0000000741200000| Complete 
|   9|0x0000000741200000, 0x0000000741400000, 0x0000000741400000|100%|HS|  |TAMS 0x0000000741400000, 0x0000000741400000| Complete 
|  10|0x0000000741400000, 0x0000000741600000, 0x0000000741600000|100%|HS|  |TAMS 0x0000000741600000, 0x0000000741600000| Complete 
|  11|0x0000000741600000, 0x0000000741800000, 0x0000000741800000|100%|HC|  |TAMS 0x0000000741800000, 0x0000000741800000| Complete 
|  12|0x0000000741800000, 0x0000000741a00000, 0x0000000741a00000|100%|HS|  |TAMS 0x0000000741a00000, 0x0000000741a00000| Complete 
|  13|0x0000000741a00000, 0x0000000741c00000, 0x0000000741c00000|100%|HC|  |TAMS 0x0000000741c00000, 0x0000000741c00000| Complete 
|  14|0x0000000741c00000, 0x0000000741e00000, 0x0000000741e00000|100%|HC|  |TAMS 0x0000000741e00000, 0x0000000741e00000| Complete 
|  15|0x0000000741e00000, 0x0000000742000000, 0x0000000742000000|100%|HS|  |TAMS 0x0000000742000000, 0x0000000742000000| Complete 
|  16|0x0000000742000000, 0x0000000742200000, 0x0000000742200000|100%|HS|  |TAMS 0x0000000742200000, 0x0000000742200000| Complete 
|  17|0x0000000742200000, 0x0000000742400000, 0x0000000742400000|100%|HC|  |TAMS 0x0000000742400000, 0x0000000742400000| Complete 
|  18|0x0000000742400000, 0x0000000742600000, 0x0000000742600000|100%| O|  |TAMS 0x0000000742600000, 0x0000000742600000| Untracked 
|  19|0x0000000742600000, 0x0000000742800000, 0x0000000742800000|100%| O|  |TAMS 0x0000000742800000, 0x0000000742800000| Untracked 
|  20|0x0000000742800000, 0x0000000742a00000, 0x0000000742a00000|100%| O|  |TAMS 0x0000000742a00000, 0x0000000742a00000| Untracked 
|  21|0x0000000742a00000, 0x0000000742c00000, 0x0000000742c00000|100%| O|  |TAMS 0x0000000742c00000, 0x0000000742c00000| Untracked 
|  22|0x0000000742c00000, 0x0000000742e00000, 0x0000000742e00000|100%| O|  |TAMS 0x0000000742e00000, 0x0000000742e00000| Untracked 
|  23|0x0000000742e00000, 0x0000000743000000, 0x0000000743000000|100%|HS|  |TAMS 0x0000000743000000, 0x0000000743000000| Complete 
|  24|0x0000000743000000, 0x0000000743200000, 0x0000000743200000|100%| O|  |TAMS 0x0000000743200000, 0x0000000743200000| Untracked 
|  25|0x0000000743200000, 0x0000000743400000, 0x0000000743400000|100%| O|  |TAMS 0x0000000743400000, 0x0000000743400000| Untracked 
|  26|0x0000000743400000, 0x0000000743600000, 0x0000000743600000|100%| O|  |TAMS 0x0000000743600000, 0x0000000743600000| Untracked 
|  27|0x0000000743600000, 0x0000000743800000, 0x0000000743800000|100%|HS|  |TAMS 0x0000000743800000, 0x0000000743800000| Complete 
|  28|0x0000000743800000, 0x0000000743a00000, 0x0000000743a00000|100%|HC|  |TAMS 0x0000000743a00000, 0x0000000743a00000| Complete 
|  29|0x0000000743a00000, 0x0000000743c00000, 0x0000000743c00000|100%|HC|  |TAMS 0x0000000743c00000, 0x0000000743c00000| Complete 
|  30|0x0000000743c00000, 0x0000000743e00000, 0x0000000743e00000|100%|HS|  |TAMS 0x0000000743e00000, 0x0000000743e00000| Complete 
|  31|0x0000000743e00000, 0x0000000744000000, 0x0000000744000000|100%|HC|  |TAMS 0x0000000744000000, 0x0000000744000000| Complete 
|  32|0x0000000744000000, 0x0000000744200000, 0x0000000744200000|100%|HC|  |TAMS 0x0000000744200000, 0x0000000744200000| Complete 
|  33|0x0000000744200000, 0x0000000744400000, 0x0000000744400000|100%| O|  |TAMS 0x0000000744400000, 0x0000000744400000| Untracked 
|  34|0x0000000744400000, 0x0000000744600000, 0x0000000744600000|100%| O|  |TAMS 0x0000000744600000, 0x0000000744600000| Untracked 
|  35|0x0000000744600000, 0x0000000744800000, 0x0000000744800000|100%| O|  |TAMS 0x0000000744800000, 0x0000000744800000| Untracked 
|  36|0x0000000744800000, 0x0000000744a00000, 0x0000000744a00000|100%| O|  |TAMS 0x0000000744a00000, 0x0000000744a00000| Untracked 
|  37|0x0000000744a00000, 0x0000000744c00000, 0x0000000744c00000|100%| O|  |TAMS 0x0000000744c00000, 0x0000000744c00000| Untracked 
|  38|0x0000000744c00000, 0x0000000744e00000, 0x0000000744e00000|100%|HS|  |TAMS 0x0000000744e00000, 0x0000000744e00000| Complete 
|  39|0x0000000744e00000, 0x0000000745000000, 0x0000000745000000|100%| O|  |TAMS 0x0000000745000000, 0x0000000745000000| Untracked 
|  40|0x0000000745000000, 0x0000000745200000, 0x0000000745200000|100%| O|  |TAMS 0x0000000745200000, 0x0000000745200000| Untracked 
|  41|0x0000000745200000, 0x0000000745400000, 0x0000000745400000|100%| O|  |TAMS 0x0000000745400000, 0x0000000745400000| Untracked 
|  42|0x0000000745400000, 0x0000000745600000, 0x0000000745600000|100%| O|  |TAMS 0x0000000745600000, 0x0000000745600000| Untracked 
|  43|0x0000000745600000, 0x0000000745800000, 0x0000000745800000|100%| O|  |TAMS 0x0000000745800000, 0x0000000745800000| Untracked 
|  44|0x0000000745800000, 0x0000000745a00000, 0x0000000745a00000|100%| O|  |TAMS 0x0000000745a00000, 0x0000000745a00000| Untracked 
|  45|0x0000000745a00000, 0x0000000745c00000, 0x0000000745c00000|100%|HS|  |TAMS 0x0000000745c00000, 0x0000000745c00000| Complete 
|  46|0x0000000745c00000, 0x0000000745e00000, 0x0000000745e00000|100%| O|  |TAMS 0x0000000745e00000, 0x0000000745e00000| Untracked 
|  47|0x0000000745e00000, 0x0000000745e00000, 0x0000000746000000|  0%| F|  |TAMS 0x0000000745e00000, 0x0000000745e00000| Untracked 
|  48|0x0000000746000000, 0x0000000746000000, 0x0000000746200000|  0%| F|  |TAMS 0x0000000746000000, 0x0000000746000000| Untracked 
|  49|0x0000000746200000, 0x0000000746200000, 0x0000000746400000|  0%| F|  |TAMS 0x0000000746200000, 0x0000000746200000| Untracked 
|  50|0x0000000746400000, 0x0000000746400000, 0x0000000746600000|  0%| F|  |TAMS 0x0000000746400000, 0x0000000746400000| Untracked 
|  51|0x0000000746600000, 0x0000000746600000, 0x0000000746800000|  0%| F|  |TAMS 0x0000000746600000, 0x0000000746600000| Untracked 
|  52|0x0000000746800000, 0x0000000746a00000, 0x0000000746a00000|100%| O|  |TAMS 0x0000000746a00000, 0x0000000746a00000| Untracked 
|  53|0x0000000746a00000, 0x0000000746c00000, 0x0000000746c00000|100%| O|  |TAMS 0x0000000746c00000, 0x0000000746c00000| Untracked 
|  54|0x0000000746c00000, 0x0000000746e00000, 0x0000000746e00000|100%| O|  |TAMS 0x0000000746e00000, 0x0000000746e00000| Untracked 
|  55|0x0000000746e00000, 0x0000000746e0fa00, 0x0000000747000000|  3%| O|  |TAMS 0x0000000746e0fa00, 0x0000000746e0fa00| Untracked 
|  56|0x0000000747000000, 0x0000000747000000, 0x0000000747200000|  0%| F|  |TAMS 0x0000000747000000, 0x0000000747000000| Untracked 
|  57|0x0000000747200000, 0x0000000747200000, 0x0000000747400000|  0%| F|  |TAMS 0x0000000747200000, 0x0000000747200000| Untracked 
|  58|0x0000000747400000, 0x0000000747400000, 0x0000000747600000|  0%| F|  |TAMS 0x0000000747400000, 0x0000000747400000| Untracked 
|  59|0x0000000747600000, 0x0000000747600000, 0x0000000747800000|  0%| F|  |TAMS 0x0000000747600000, 0x0000000747600000| Untracked 
|  60|0x0000000747800000, 0x0000000747800000, 0x0000000747a00000|  0%| F|  |TAMS 0x0000000747800000, 0x0000000747800000| Untracked 
|  61|0x0000000747a00000, 0x0000000747a00000, 0x0000000747c00000|  0%| F|  |TAMS 0x0000000747a00000, 0x0000000747a00000| Untracked 
|  62|0x0000000747c00000, 0x0000000747c00000, 0x0000000747e00000|  0%| F|  |TAMS 0x0000000747c00000, 0x0000000747c00000| Untracked 
|  63|0x0000000747e00000, 0x0000000747e00000, 0x0000000748000000|  0%| F|  |TAMS 0x0000000747e00000, 0x0000000747e00000| Untracked 
|  64|0x0000000748000000, 0x0000000748000000, 0x0000000748200000|  0%| F|  |TAMS 0x0000000748000000, 0x0000000748000000| Untracked 
|  65|0x0000000748200000, 0x0000000748200000, 0x0000000748400000|  0%| F|  |TAMS 0x0000000748200000, 0x0000000748200000| Untracked 
|  66|0x0000000748400000, 0x0000000748400000, 0x0000000748600000|  0%| F|  |TAMS 0x0000000748400000, 0x0000000748400000| Untracked 
|  67|0x0000000748600000, 0x0000000748600000, 0x0000000748800000|  0%| F|  |TAMS 0x0000000748600000, 0x0000000748600000| Untracked 
|  68|0x0000000748800000, 0x0000000748800000, 0x0000000748a00000|  0%| F|  |TAMS 0x0000000748800000, 0x0000000748800000| Untracked 
|  69|0x0000000748a00000, 0x0000000748a00000, 0x0000000748c00000|  0%| F|  |TAMS 0x0000000748a00000, 0x0000000748a00000| Untracked 
|  70|0x0000000748c00000, 0x0000000748c00000, 0x0000000748e00000|  0%| F|  |TAMS 0x0000000748c00000, 0x0000000748c00000| Untracked 
|  71|0x0000000748e00000, 0x0000000748e00000, 0x0000000749000000|  0%| F|  |TAMS 0x0000000748e00000, 0x0000000748e00000| Untracked 
|  72|0x0000000749000000, 0x0000000749000000, 0x0000000749200000|  0%| F|  |TAMS 0x0000000749000000, 0x0000000749000000| Untracked 
|  73|0x0000000749200000, 0x0000000749200000, 0x0000000749400000|  0%| F|  |TAMS 0x0000000749200000, 0x0000000749200000| Untracked 
|  74|0x0000000749400000, 0x0000000749400000, 0x0000000749600000|  0%| F|  |TAMS 0x0000000749400000, 0x0000000749400000| Untracked 
|  75|0x0000000749600000, 0x0000000749600000, 0x0000000749800000|  0%| F|  |TAMS 0x0000000749600000, 0x0000000749600000| Untracked 
|  76|0x0000000749800000, 0x0000000749800000, 0x0000000749a00000|  0%| F|  |TAMS 0x0000000749800000, 0x0000000749800000| Untracked 
|  77|0x0000000749a00000, 0x0000000749a00000, 0x0000000749c00000|  0%| F|  |TAMS 0x0000000749a00000, 0x0000000749a00000| Untracked 
|  78|0x0000000749c00000, 0x0000000749c00000, 0x0000000749e00000|  0%| F|  |TAMS 0x0000000749c00000, 0x0000000749c00000| Untracked 
|  79|0x0000000749e00000, 0x0000000749e00000, 0x000000074a000000|  0%| F|  |TAMS 0x0000000749e00000, 0x0000000749e00000| Untracked 
|  80|0x000000074a000000, 0x000000074a000000, 0x000000074a200000|  0%| F|  |TAMS 0x000000074a000000, 0x000000074a000000| Untracked 
|  81|0x000000074a200000, 0x000000074a200000, 0x000000074a400000|  0%| F|  |TAMS 0x000000074a200000, 0x000000074a200000| Untracked 
|  82|0x000000074a400000, 0x000000074a400000, 0x000000074a600000|  0%| F|  |TAMS 0x000000074a400000, 0x000000074a400000| Untracked 
|  83|0x000000074a600000, 0x000000074a600000, 0x000000074a800000|  0%| F|  |TAMS 0x000000074a600000, 0x000000074a600000| Untracked 
|  84|0x000000074a800000, 0x000000074a800000, 0x000000074aa00000|  0%| F|  |TAMS 0x000000074a800000, 0x000000074a800000| Untracked 
|  85|0x000000074aa00000, 0x000000074aa00000, 0x000000074ac00000|  0%| F|  |TAMS 0x000000074aa00000, 0x000000074aa00000| Untracked 
|  86|0x000000074ac00000, 0x000000074ac00000, 0x000000074ae00000|  0%| F|  |TAMS 0x000000074ac00000, 0x000000074ac00000| Untracked 
|  87|0x000000074ae00000, 0x000000074ae00000, 0x000000074b000000|  0%| F|  |TAMS 0x000000074ae00000, 0x000000074ae00000| Untracked 
|  88|0x000000074b000000, 0x000000074b000000, 0x000000074b200000|  0%| F|  |TAMS 0x000000074b000000, 0x000000074b000000| Untracked 
|  89|0x000000074b200000, 0x000000074b200000, 0x000000074b400000|  0%| F|  |TAMS 0x000000074b200000, 0x000000074b200000| Untracked 
|  90|0x000000074b400000, 0x000000074b400000, 0x000000074b600000|  0%| F|  |TAMS 0x000000074b400000, 0x000000074b400000| Untracked 
|  91|0x000000074b600000, 0x000000074b600000, 0x000000074b800000|  0%| F|  |TAMS 0x000000074b600000, 0x000000074b600000| Untracked 
|  92|0x000000074b800000, 0x000000074b800000, 0x000000074ba00000|  0%| F|  |TAMS 0x000000074b800000, 0x000000074b800000| Untracked 
|  93|0x000000074ba00000, 0x000000074ba00000, 0x000000074bc00000|  0%| F|  |TAMS 0x000000074ba00000, 0x000000074ba00000| Untracked 
|  94|0x000000074bc00000, 0x000000074bc00000, 0x000000074be00000|  0%| F|  |TAMS 0x000000074bc00000, 0x000000074bc00000| Untracked 
|  95|0x000000074be00000, 0x000000074be00000, 0x000000074c000000|  0%| F|  |TAMS 0x000000074be00000, 0x000000074be00000| Untracked 
|  96|0x000000074c000000, 0x000000074c000000, 0x000000074c200000|  0%| F|  |TAMS 0x000000074c000000, 0x000000074c000000| Untracked 
|  97|0x000000074c200000, 0x000000074c200000, 0x000000074c400000|  0%| F|  |TAMS 0x000000074c200000, 0x000000074c200000| Untracked 
|  98|0x000000074c400000, 0x000000074c400000, 0x000000074c600000|  0%| F|  |TAMS 0x000000074c400000, 0x000000074c400000| Untracked 
|  99|0x000000074c600000, 0x000000074c600000, 0x000000074c800000|  0%| F|  |TAMS 0x000000074c600000, 0x000000074c600000| Untracked 
| 100|0x000000074c800000, 0x000000074c800000, 0x000000074ca00000|  0%| F|  |TAMS 0x000000074c800000, 0x000000074c800000| Untracked 
| 101|0x000000074ca00000, 0x000000074ca00000, 0x000000074cc00000|  0%| F|  |TAMS 0x000000074ca00000, 0x000000074ca00000| Untracked 
| 102|0x000000074cc00000, 0x000000074cc00000, 0x000000074ce00000|  0%| F|  |TAMS 0x000000074cc00000, 0x000000074cc00000| Untracked 
| 103|0x000000074ce00000, 0x000000074ce00000, 0x000000074d000000|  0%| F|  |TAMS 0x000000074ce00000, 0x000000074ce00000| Untracked 
| 104|0x000000074d000000, 0x000000074d000000, 0x000000074d200000|  0%| F|  |TAMS 0x000000074d000000, 0x000000074d000000| Untracked 
| 105|0x000000074d200000, 0x000000074d200000, 0x000000074d400000|  0%| F|  |TAMS 0x000000074d200000, 0x000000074d200000| Untracked 
| 106|0x000000074d400000, 0x000000074d400000, 0x000000074d600000|  0%| F|  |TAMS 0x000000074d400000, 0x000000074d400000| Untracked 
| 107|0x000000074d600000, 0x000000074d600000, 0x000000074d800000|  0%| F|  |TAMS 0x000000074d600000, 0x000000074d600000| Untracked 
| 108|0x000000074d800000, 0x000000074d800000, 0x000000074da00000|  0%| F|  |TAMS 0x000000074d800000, 0x000000074d800000| Untracked 
| 109|0x000000074da00000, 0x000000074da00000, 0x000000074dc00000|  0%| F|  |TAMS 0x000000074da00000, 0x000000074da00000| Untracked 
| 110|0x000000074dc00000, 0x000000074dc00000, 0x000000074de00000|  0%| F|  |TAMS 0x000000074dc00000, 0x000000074dc00000| Untracked 
| 111|0x000000074de00000, 0x000000074de00000, 0x000000074e000000|  0%| F|  |TAMS 0x000000074de00000, 0x000000074de00000| Untracked 
| 112|0x000000074e000000, 0x000000074e000000, 0x000000074e200000|  0%| F|  |TAMS 0x000000074e000000, 0x000000074e000000| Untracked 
| 113|0x000000074e200000, 0x000000074e200000, 0x000000074e400000|  0%| F|  |TAMS 0x000000074e200000, 0x000000074e200000| Untracked 
| 114|0x000000074e400000, 0x000000074e400000, 0x000000074e600000|  0%| F|  |TAMS 0x000000074e400000, 0x000000074e400000| Untracked 
| 115|0x000000074e600000, 0x000000074e600000, 0x000000074e800000|  0%| F|  |TAMS 0x000000074e600000, 0x000000074e600000| Untracked 
| 116|0x000000074e800000, 0x000000074e800000, 0x000000074ea00000|  0%| F|  |TAMS 0x000000074e800000, 0x000000074e800000| Untracked 
| 117|0x000000074ea00000, 0x000000074ea00000, 0x000000074ec00000|  0%| F|  |TAMS 0x000000074ea00000, 0x000000074ea00000| Untracked 
| 118|0x000000074ec00000, 0x000000074ec00000, 0x000000074ee00000|  0%| F|  |TAMS 0x000000074ec00000, 0x000000074ec00000| Untracked 
| 119|0x000000074ee00000, 0x000000074ee00000, 0x000000074f000000|  0%| F|  |TAMS 0x000000074ee00000, 0x000000074ee00000| Untracked 
| 120|0x000000074f000000, 0x000000074f000000, 0x000000074f200000|  0%| F|  |TAMS 0x000000074f000000, 0x000000074f000000| Untracked 
| 121|0x000000074f200000, 0x000000074f200000, 0x000000074f400000|  0%| F|  |TAMS 0x000000074f200000, 0x000000074f200000| Untracked 
| 122|0x000000074f400000, 0x000000074f400000, 0x000000074f600000|  0%| F|  |TAMS 0x000000074f400000, 0x000000074f400000| Untracked 
| 123|0x000000074f600000, 0x000000074f600000, 0x000000074f800000|  0%| F|  |TAMS 0x000000074f600000, 0x000000074f600000| Untracked 
| 124|0x000000074f800000, 0x000000074f800000, 0x000000074fa00000|  0%| F|  |TAMS 0x000000074f800000, 0x000000074f800000| Untracked 
| 125|0x000000074fa00000, 0x000000074fa00000, 0x000000074fc00000|  0%| F|  |TAMS 0x000000074fa00000, 0x000000074fa00000| Untracked 
| 126|0x000000074fc00000, 0x000000074fc00000, 0x000000074fe00000|  0%| F|  |TAMS 0x000000074fc00000, 0x000000074fc00000| Untracked 
| 127|0x000000074fe00000, 0x000000074fe00000, 0x0000000750000000|  0%| F|  |TAMS 0x000000074fe00000, 0x000000074fe00000| Untracked 
| 128|0x0000000750000000, 0x0000000750000000, 0x0000000750200000|  0%| F|  |TAMS 0x0000000750000000, 0x0000000750000000| Untracked 
| 129|0x0000000750200000, 0x0000000750200000, 0x0000000750400000|  0%| F|  |TAMS 0x0000000750200000, 0x0000000750200000| Untracked 
| 130|0x0000000750400000, 0x0000000750400000, 0x0000000750600000|  0%| F|  |TAMS 0x0000000750400000, 0x0000000750400000| Untracked 
| 131|0x0000000750600000, 0x0000000750600000, 0x0000000750800000|  0%| F|  |TAMS 0x0000000750600000, 0x0000000750600000| Untracked 
| 132|0x0000000750800000, 0x0000000750800000, 0x0000000750a00000|  0%| F|  |TAMS 0x0000000750800000, 0x0000000750800000| Untracked 
| 133|0x0000000750a00000, 0x0000000750a00000, 0x0000000750c00000|  0%| F|  |TAMS 0x0000000750a00000, 0x0000000750a00000| Untracked 
| 134|0x0000000750c00000, 0x0000000750cbbb10, 0x0000000750e00000| 36%| S|CS|TAMS 0x0000000750c00000, 0x0000000750c00000| Complete 
| 135|0x0000000750e00000, 0x0000000751000000, 0x0000000751000000|100%| S|CS|TAMS 0x0000000750e00000, 0x0000000750e00000| Complete 
| 136|0x0000000751000000, 0x0000000751200000, 0x0000000751200000|100%| S|CS|TAMS 0x0000000751000000, 0x0000000751000000| Complete 
| 137|0x0000000751200000, 0x0000000751200000, 0x0000000751400000|  0%| F|  |TAMS 0x0000000751200000, 0x0000000751200000| Untracked 
|1530|0x00000007ff400000, 0x00000007ff600000, 0x00000007ff600000|100%| O|  |TAMS 0x00000007ff600000, 0x00000007ff600000| Untracked 
|1531|0x00000007ff600000, 0x00000007ff800000, 0x00000007ff800000|100%| O|  |TAMS 0x00000007ff800000, 0x00000007ff800000| Untracked 
|1532|0x00000007ff800000, 0x00000007ffa00000, 0x00000007ffa00000|100%| O|  |TAMS 0x00000007ffa00000, 0x00000007ffa00000| Untracked 
|1533|0x00000007ffa00000, 0x00000007ffc00000, 0x00000007ffc00000|100%| O|  |TAMS 0x00000007ffc00000, 0x00000007ffc00000| Untracked 
|1534|0x00000007ffc00000, 0x00000007ffe00000, 0x00000007ffe00000|100%| O|  |TAMS 0x00000007ffe00000, 0x00000007ffe00000| Untracked 
|1535|0x00000007ffe00000, 0x0000000800000000, 0x0000000800000000|100%| O|  |TAMS 0x0000000800000000, 0x0000000800000000| Untracked 

Card table byte_map: [0x00000289ae0f0000,0x00000289ae6f0000] _byte_map_base: 0x00000289aa6f0000

Marking Bits (Prev, Next): (CMBitMap*) 0x0000028996a88530, (CMBitMap*) 0x0000028996a88570
 Prev Bits: [0x00000289aecf0000, 0x00000289b1cf0000)
 Next Bits: [0x00000289b1cf0000, 0x00000289b4cf0000)

Polling page: 0x0000028994990000

Metaspace:

Usage:
  Non-class:     65.33 MB used.
      Class:     10.53 MB used.
       Both:     75.86 MB used.

Virtual space:
  Non-class space:      128.00 MB reserved,      65.75 MB ( 51%) committed,  2 nodes.
      Class space:        1.00 GB reserved,      10.88 MB (  1%) committed,  1 nodes.
             Both:        1.12 GB reserved,      76.62 MB (  7%) committed. 

Chunk freelists:
   Non-Class:  14.05 MB
       Class:  5.13 MB
        Both:  19.18 MB

MaxMetaspaceSize: unlimited
CompressedClassSpaceSize: 1.00 GB
Initial GC threshold: 21.00 MB
Current GC threshold: 123.56 MB
CDS: on
MetaspaceReclaimPolicy: balanced
 - commit_granule_bytes: 65536.
 - commit_granule_words: 8192.
 - virtual_space_node_default_size: 8388608.
 - enlarge_chunks_in_place: 1.
 - new_chunks_are_fully_committed: 0.
 - uncommit_free_chunks: 1.
 - use_allocation_guard: 0.
 - handle_deallocations: 1.


Internal statistics:

num_allocs_failed_limit: 3.
num_arena_births: 924.
num_arena_deaths: 4.
num_vsnodes_births: 3.
num_vsnodes_deaths: 0.
num_space_committed: 1226.
num_space_uncommitted: 0.
num_chunks_returned_to_freelist: 8.
num_chunks_taken_from_freelist: 4032.
num_chunk_merges: 3.
num_chunk_splits: 2561.
num_chunks_enlarged: 1597.
num_inconsistent_stats: 0.

CodeHeap 'non-profiled nmethods': size=120000Kb used=6705Kb max_used=6705Kb free=113294Kb
 bounds [0x00000289a6070000, 0x00000289a6700000, 0x00000289ad5a0000]
CodeHeap 'profiled nmethods': size=120000Kb used=17550Kb max_used=17550Kb free=102449Kb
 bounds [0x000002899e5a0000, 0x000002899f6d0000, 0x00000289a5ad0000]
CodeHeap 'non-nmethods': size=5760Kb used=2397Kb max_used=2555Kb free=3362Kb
 bounds [0x00000289a5ad0000, 0x00000289a5d60000, 0x00000289a6070000]
 total_blobs=10149 nmethods=9226 adapters=835
 compilation: enabled
              stopped_count=0, restarted_count=0
 full_count=0

Compilation events (20 events):
Event: 54.040 Thread 0x00000289b799aa50 nmethod 10771 0x000002899f6c2490 code [0x000002899f6c2680, 0x000002899f6c2ad8]
Event: 54.040 Thread 0x00000289b799aa50 10772       3       org.gradle.api.internal.artifacts.ivyservice.resolveengine.artifact.DefaultResolvedArtifactsBuilder::visitArtifacts (26 bytes)
Event: 54.041 Thread 0x00000289b799aa50 nmethod 10772 0x000002899f6c2c90 code [0x000002899f6c2e40, 0x000002899f6c3038]
Event: 54.041 Thread 0x00000289b799aa50 10768       3       org.gradle.api.internal.artifacts.ivyservice.resolveengine.graph.DependencyGraphVisitor::visitEdges (1 bytes)
Event: 54.041 Thread 0x00000289b799aa50 nmethod 10768 0x000002899f6c3190 code [0x000002899f6c3320, 0x000002899f6c3438]
Event: 54.041 Thread 0x00000289b799aa50 10775       3       org.gradle.api.internal.artifacts.ivyservice.ivyresolve.RepositoryChainArtifactResolver::findSourceRepository (48 bytes)
Event: 54.042 Thread 0x00000289b799aa50 nmethod 10775 0x000002899f6c3510 code [0x000002899f6c3720, 0x000002899f6c3e78]
Event: 54.042 Thread 0x00000289b799aa50 10776       3       org.gradle.api.internal.artifacts.ivyservice.ivyresolve.ErrorHandlingModuleComponentRepository::getArtifactCache (10 bytes)
Event: 54.042 Thread 0x00000289825c95d0 nmethod 10773 0x00000289a66fb690 code [0x00000289a66fb820, 0x00000289a66fb998]
Event: 54.042 Thread 0x00000289825ca5c0 nmethod 10774 0x00000289a66fbb10 code [0x00000289a66fbca0, 0x00000289a66fbd98]
Event: 54.042 Thread 0x00000289b799aa50 nmethod 10776 0x000002899f6c4090 code [0x000002899f6c4240, 0x000002899f6c4428]
Event: 54.043 Thread 0x00000289b799aa50 10761       3       org.gradle.api.internal.artifacts.ivyservice.resolveengine.graph.builder.ResolveState::getRevision (36 bytes)
Event: 54.043 Thread 0x00000289b7997980 nmethod 10762 0x00000289a66fbf10 code [0x00000289a66fc0a0, 0x00000289a66fc1f8]
Event: 54.043 Thread 0x00000289b799aa50 nmethod 10761 0x000002899f6c4510 code [0x000002899f6c4700, 0x000002899f6c4bf8]
Event: 54.043 Thread 0x00000289b799aa50 10760       3       org.gradle.api.internal.artifacts.ivyservice.ivyresolve.strategy.CachingVersionSelectorScheme::parseSelector (43 bytes)
Event: 54.043 Thread 0x00000289b799aa50 nmethod 10760 0x000002899f6c4e90 code [0x000002899f6c5060, 0x000002899f6c5548]
Event: 54.043 Thread 0x00000289b799aa50 10749       3       org.gradle.api.internal.artifacts.ivyservice.ivyresolve.ErrorHandlingModuleComponentRepository$ErrorHandlingModuleComponentRepositoryAccess::tryResolveAndMaybeDisable (13 bytes)
Event: 54.043 Thread 0x00000289b799aa50 nmethod 10749 0x000002899f6c5690 code [0x000002899f6c58a0, 0x000002899f6c5f58]
Event: 54.043 Thread 0x00000289b799aa50 10766       1       org.gradle.api.internal.artifacts.ivyservice.resolveengine.graph.conflicts.VersionConflictResolutionDetails::hashCode (5 bytes)
Event: 54.044 Thread 0x00000289b799aa50 nmethod 10766 0x00000289a66fc310 code [0x00000289a66fc4a0, 0x00000289a66fc578]

GC Heap History (20 events):
Event: 14.466 GC heap after
{Heap after GC invocations=56 (full 0):
 garbage-first heap   total 225280K, used 113851K [0x0000000740000000, 0x0000000800000000)
  region size 2048K, 3 young (6144K), 3 survivors (6144K)
 Metaspace       used 74196K, committed 74944K, reserved 1114112K
  class space    used 10387K, committed 10752K, reserved 1048576K
}
Event: 14.525 GC heap before
{Heap before GC invocations=57 (full 0):
 garbage-first heap   total 225280K, used 128187K [0x0000000740000000, 0x0000000800000000)
  region size 2048K, 5 young (10240K), 3 survivors (6144K)
 Metaspace       used 74301K, committed 75008K, reserved 1114112K
  class space    used 10401K, committed 10752K, reserved 1048576K
}
Event: 14.529 GC heap after
{Heap after GC invocations=58 (full 0):
 garbage-first heap   total 225280K, used 114181K [0x0000000740000000, 0x0000000800000000)
  region size 2048K, 3 young (6144K), 3 survivors (6144K)
 Metaspace       used 74301K, committed 75008K, reserved 1114112K
  class space    used 10401K, committed 10752K, reserved 1048576K
}
Event: 14.831 GC heap before
{Heap before GC invocations=59 (full 0):
 garbage-first heap   total 225280K, used 130565K [0x0000000740000000, 0x0000000800000000)
  region size 2048K, 7 young (14336K), 3 survivors (6144K)
 Metaspace       used 74913K, committed 75648K, reserved 1179648K
  class space    used 10479K, committed 10816K, reserved 1048576K
}
Event: 14.835 GC heap after
{Heap after GC invocations=60 (full 0):
 garbage-first heap   total 225280K, used 114157K [0x0000000740000000, 0x0000000800000000)
  region size 2048K, 3 young (6144K), 3 survivors (6144K)
 Metaspace       used 74913K, committed 75648K, reserved 1179648K
  class space    used 10479K, committed 10816K, reserved 1048576K
}
Event: 15.367 GC heap before
{Heap before GC invocations=61 (full 0):
 garbage-first heap   total 225280K, used 161261K [0x0000000740000000, 0x0000000800000000)
  region size 2048K, 23 young (47104K), 3 survivors (6144K)
 Metaspace       used 75041K, committed 75776K, reserved 1179648K
  class space    used 10489K, committed 10816K, reserved 1048576K
}
Event: 15.371 GC heap after
{Heap after GC invocations=62 (full 0):
 garbage-first heap   total 225280K, used 116054K [0x0000000740000000, 0x0000000800000000)
  region size 2048K, 2 young (4096K), 2 survivors (4096K)
 Metaspace       used 75041K, committed 75776K, reserved 1179648K
  class space    used 10489K, committed 10816K, reserved 1048576K
}
Event: 18.793 GC heap before
{Heap before GC invocations=63 (full 0):
 garbage-first heap   total 243712K, used 144726K [0x0000000740000000, 0x0000000800000000)
  region size 2048K, 6 young (12288K), 2 survivors (4096K)
 Metaspace       used 75171K, committed 75904K, reserved 1179648K
  class space    used 10495K, committed 10816K, reserved 1048576K
}
Event: 18.796 GC heap after
{Heap after GC invocations=64 (full 0):
 garbage-first heap   total 243712K, used 115924K [0x0000000740000000, 0x0000000800000000)
  region size 2048K, 2 young (4096K), 2 survivors (4096K)
 Metaspace       used 75171K, committed 75904K, reserved 1179648K
  class space    used 10495K, committed 10816K, reserved 1048576K
}
Event: 19.992 GC heap before
{Heap before GC invocations=65 (full 0):
 garbage-first heap   total 294912K, used 173268K [0x0000000740000000, 0x0000000800000000)
  region size 2048K, 5 young (10240K), 2 survivors (4096K)
 Metaspace       used 75279K, committed 76032K, reserved 1179648K
  class space    used 10515K, committed 10880K, reserved 1048576K
}
Event: 19.994 GC heap after
{Heap after GC invocations=66 (full 0):
 garbage-first heap   total 294912K, used 115889K [0x0000000740000000, 0x0000000800000000)
  region size 2048K, 2 young (4096K), 2 survivors (4096K)
 Metaspace       used 75279K, committed 76032K, reserved 1179648K
  class space    used 10515K, committed 10880K, reserved 1048576K
}
Event: 20.024 GC heap before
{Heap before GC invocations=66 (full 0):
 garbage-first heap   total 294912K, used 126129K [0x0000000740000000, 0x0000000800000000)
  region size 2048K, 3 young (6144K), 2 survivors (4096K)
 Metaspace       used 75281K, committed 76032K, reserved 1179648K
  class space    used 10515K, committed 10880K, reserved 1048576K
}
Event: 20.027 GC heap after
{Heap after GC invocations=67 (full 0):
 garbage-first heap   total 294912K, used 115904K [0x0000000740000000, 0x0000000800000000)
  region size 2048K, 2 young (4096K), 2 survivors (4096K)
 Metaspace       used 75281K, committed 76032K, reserved 1179648K
  class space    used 10515K, committed 10880K, reserved 1048576K
}
Event: 53.959 GC heap before
{Heap before GC invocations=67 (full 0):
 garbage-first heap   total 294912K, used 199872K [0x0000000740000000, 0x0000000800000000)
  region size 2048K, 38 young (77824K), 2 survivors (4096K)
 Metaspace       used 77652K, committed 78400K, reserved 1179648K
  class space    used 10779K, committed 11136K, reserved 1048576K
}
Event: 53.962 GC heap after
{Heap after GC invocations=68 (full 0):
 garbage-first heap   total 294912K, used 118018K [0x0000000740000000, 0x0000000800000000)
  region size 2048K, 3 young (6144K), 3 survivors (6144K)
 Metaspace       used 77652K, committed 78400K, reserved 1179648K
  class space    used 10779K, committed 11136K, reserved 1048576K
}
Event: 54.011 GC heap before
{Heap before GC invocations=68 (full 0):
 garbage-first heap   total 294912K, used 132354K [0x0000000740000000, 0x0000000800000000)
  region size 2048K, 4 young (8192K), 3 survivors (6144K)
 Metaspace       used 77652K, committed 78400K, reserved 1179648K
  class space    used 10779K, committed 11136K, reserved 1048576K
}
Event: 54.014 GC heap after
{Heap after GC invocations=69 (full 0):
 garbage-first heap   total 294912K, used 117973K [0x0000000740000000, 0x0000000800000000)
  region size 2048K, 3 young (6144K), 3 survivors (6144K)
 Metaspace       used 77652K, committed 78400K, reserved 1179648K
  class space    used 10779K, committed 11136K, reserved 1048576K
}
Event: 54.053 GC heap before
{Heap before GC invocations=69 (full 0):
 garbage-first heap   total 294912K, used 128213K [0x0000000740000000, 0x0000000800000000)
  region size 2048K, 5 young (10240K), 3 survivors (6144K)
 Metaspace       used 77675K, committed 78464K, reserved 1179648K
  class space    used 10780K, committed 11136K, reserved 1048576K
}
Event: 54.056 GC heap after
{Heap after GC invocations=70 (full 0):
 garbage-first heap   total 294912K, used 118133K [0x0000000740000000, 0x0000000800000000)
  region size 2048K, 3 young (6144K), 3 survivors (6144K)
 Metaspace       used 77675K, committed 78464K, reserved 1179648K
  class space    used 10780K, committed 11136K, reserved 1048576K
}
Event: 54.103 GC heap before
{Heap before GC invocations=70 (full 0):
 garbage-first heap   total 294912K, used 132469K [0x0000000740000000, 0x0000000800000000)
  region size 2048K, 4 young (8192K), 3 survivors (6144K)
 Metaspace       used 77675K, committed 78464K, reserved 1179648K
  class space    used 10780K, committed 11136K, reserved 1048576K
}

Dll operation events (15 events):
Event: 0.008 Loaded shared library C:\Program Files\Microsoft\jdk-17.0.17.10-hotspot\bin\java.dll
Event: 0.022 Loaded shared library C:\Program Files\Microsoft\jdk-17.0.17.10-hotspot\bin\jsvml.dll
Event: 0.057 Loaded shared library C:\Program Files\Microsoft\jdk-17.0.17.10-hotspot\bin\zip.dll
Event: 0.059 Loaded shared library C:\Program Files\Microsoft\jdk-17.0.17.10-hotspot\bin\instrument.dll
Event: 0.063 Loaded shared library C:\Program Files\Microsoft\jdk-17.0.17.10-hotspot\bin\net.dll
Event: 0.064 Loaded shared library C:\Program Files\Microsoft\jdk-17.0.17.10-hotspot\bin\nio.dll
Event: 0.067 Loaded shared library C:\Program Files\Microsoft\jdk-17.0.17.10-hotspot\bin\zip.dll
Event: 0.238 Loaded shared library C:\Program Files\Microsoft\jdk-17.0.17.10-hotspot\bin\jimage.dll
Event: 0.324 Loaded shared library C:\Program Files\Microsoft\jdk-17.0.17.10-hotspot\bin\verify.dll
Event: 0.561 Loaded shared library C:\Users\qwarx.NOREEN-COMPUTER\.gradle\native\c067742578af261105cb4f569cf0c3c89f3d7b1fecec35dd04571415982c5e48\windows-amd64\native-platform.dll
Event: 0.565 Loaded shared library C:\Users\qwarx.NOREEN-COMPUTER\.gradle\native\100fb08df4bc3b14c8652ba06237920a3bd2aa13389f12d3474272988ae205f9\windows-amd64\native-platform-file-events.dll
Event: 1.377 Loaded shared library C:\Program Files\Microsoft\jdk-17.0.17.10-hotspot\bin\management.dll
Event: 1.379 Loaded shared library C:\Program Files\Microsoft\jdk-17.0.17.10-hotspot\bin\management_ext.dll
Event: 1.532 Loaded shared library C:\Program Files\Microsoft\jdk-17.0.17.10-hotspot\bin\extnet.dll
Event: 1.798 Loaded shared library C:\Program Files\Microsoft\jdk-17.0.17.10-hotspot\bin\sunmscapi.dll

Deoptimization events (20 events):
Event: 53.842 Thread 0x000002898282a7f0 Uncommon trap: trap_request=0xffffffbe fr.pc=0x00000289a66b6f24 relative=0x0000000000002204
Event: 53.842 Thread 0x000002898282e9c0 Uncommon trap: trap_request=0xffffffbe fr.pc=0x00000289a66b6f24 relative=0x0000000000002204
Event: 53.842 Thread 0x000002898282a7f0 Uncommon trap: reason=profile_predicate action=maybe_recompile pc=0x00000289a66b6f24 method=sun.security.ssl.SSLTransport.decode(Lsun/security/ssl/TransportContext;[Ljava/nio/ByteBuffer;II[Ljava/nio/ByteBuffer;II)Lsun/security/ssl/Plaintext; @ 178 c2
Event: 53.842 Thread 0x000002898282e9c0 Uncommon trap: reason=profile_predicate action=maybe_recompile pc=0x00000289a66b6f24 method=sun.security.ssl.SSLTransport.decode(Lsun/security/ssl/TransportContext;[Ljava/nio/ByteBuffer;II[Ljava/nio/ByteBuffer;II)Lsun/security/ssl/Plaintext; @ 178 c2
Event: 53.842 Thread 0x000002898282a7f0 DEOPT PACKING pc=0x00000289a66b6f24 sp=0x000000bd53bfc5c0
Event: 53.842 Thread 0x000002898282e9c0 DEOPT PACKING pc=0x00000289a66b6f24 sp=0x000000bd53efc540
Event: 53.842 Thread 0x000002898282a7f0 DEOPT UNPACKING pc=0x00000289a5b269a3 sp=0x000000bd53bfc588 mode 2
Event: 53.842 Thread 0x000002898282e9c0 DEOPT UNPACKING pc=0x00000289a5b269a3 sp=0x000000bd53efc508 mode 2
Event: 53.844 Thread 0x000002898282c650 Uncommon trap: trap_request=0xffffffbe fr.pc=0x00000289a66b6f24 relative=0x0000000000002204
Event: 53.844 Thread 0x000002898282c650 Uncommon trap: reason=profile_predicate action=maybe_recompile pc=0x00000289a66b6f24 method=sun.security.ssl.SSLTransport.decode(Lsun/security/ssl/TransportContext;[Ljava/nio/ByteBuffer;II[Ljava/nio/ByteBuffer;II)Lsun/security/ssl/Plaintext; @ 178 c2
Event: 53.844 Thread 0x000002898282c650 DEOPT PACKING pc=0x00000289a66b6f24 sp=0x000000bd53afc8b0
Event: 53.844 Thread 0x000002898282c650 DEOPT UNPACKING pc=0x00000289a5b269a3 sp=0x000000bd53afc878 mode 2
Event: 53.845 Thread 0x000002898282a7f0 DEOPT PACKING pc=0x000002899e6503f6 sp=0x000000bd53bfc130
Event: 53.845 Thread 0x000002898282a7f0 DEOPT UNPACKING pc=0x00000289a5b27143 sp=0x000000bd53bfb5c8 mode 0
Event: 53.930 Thread 0x00000289fd7d04b0 DEOPT PACKING pc=0x000002899eacea2f sp=0x000000bd4a3f9350
Event: 53.930 Thread 0x00000289fd7d04b0 DEOPT UNPACKING pc=0x00000289a5b27143 sp=0x000000bd4a3f8888 mode 0
Event: 53.936 Thread 0x00000289fd7d04b0 Uncommon trap: trap_request=0xffffff45 fr.pc=0x00000289a60be3e8 relative=0x0000000000000648
Event: 53.936 Thread 0x00000289fd7d04b0 Uncommon trap: reason=unstable_if action=reinterpret pc=0x00000289a60be3e8 method=java.lang.AbstractStringBuilder.append(Ljava/lang/String;)Ljava/lang/AbstractStringBuilder; @ 1 c2
Event: 53.936 Thread 0x00000289fd7d04b0 DEOPT PACKING pc=0x00000289a60be3e8 sp=0x000000bd4a3f6db0
Event: 53.936 Thread 0x00000289fd7d04b0 DEOPT UNPACKING pc=0x00000289a5b269a3 sp=0x000000bd4a3f6d88 mode 2

Classes loaded (20 events):
Event: 21.139 Loading class java/net/ConnectException
Event: 21.140 Loading class java/net/ConnectException done
Event: 21.141 Loading class java/net/NoRouteToHostException
Event: 21.141 Loading class java/net/NoRouteToHostException done
Event: 21.295 Loading class javax/net/DefaultSocketFactory
Event: 21.295 Loading class javax/net/DefaultSocketFactory done
Event: 21.759 Loading class sun/text/resources/cldr/FormatData_en_US
Event: 21.759 Loading class sun/text/resources/cldr/FormatData_en_US done
Event: 21.759 Loading class java/text/ParsePosition
Event: 21.759 Loading class java/text/ParsePosition done
Event: 21.759 Loading class java/text/CalendarBuilder
Event: 21.760 Loading class java/text/CalendarBuilder done
Event: 21.763 Loading class java/nio/charset/UnsupportedCharsetException
Event: 21.763 Loading class java/nio/charset/UnsupportedCharsetException done
Event: 32.425 Loading class jdk/internal/misc/ScopedMemoryAccess$Scope$Handle
Event: 32.427 Loading class jdk/internal/misc/ScopedMemoryAccess$Scope$Handle done
Event: 32.591 Loading class sun/nio/cs/US_ASCII$Decoder
Event: 32.592 Loading class sun/nio/cs/US_ASCII$Decoder done
Event: 53.819 Loading class java/util/concurrent/atomic/Striped64$Cell
Event: 53.821 Loading class java/util/concurrent/atomic/Striped64$Cell done

Classes unloaded (2 events):
Event: 14.280 Thread 0x00000289b7974cc0 Unloading class 0x00000289b9934800 'java/lang/invoke/LambdaForm$DMH+0x00000289b9934800'
Event: 14.280 Thread 0x00000289b7974cc0 Unloading class 0x00000289b9934000 'java/lang/invoke/LambdaForm$DMH+0x00000289b9934000'

Classes redefined (0 events):
No events

Internal exceptions (20 events):
Event: 21.780 Thread 0x00000289fd7d09c0 Exception <a 'java/lang/NoSuchMethodError'{0x000000074fd07668}: static Lorg/gradle/internal/build/event/types/DefaultOperationStartedProgressEvent;.<clinit>()V> (0x000000074fd07668) 
thrown [s\src\hotspot\share\prims\jni.cpp, line 1112]
Event: 21.781 Thread 0x00000289fd7d09c0 Exception <a 'java/lang/NoSuchMethodError'{0x000000074fd19c48}: static Lorg/gradle/internal/build/event/types/DefaultFileDownloadDescriptor;.<clinit>()V> (0x000000074fd19c48) 
thrown [s\src\hotspot\share\prims\jni.cpp, line 1112]
Event: 21.781 Thread 0x00000289fd7d09c0 Exception <a 'java/lang/NoSuchMethodError'{0x000000074fd1c1f8}: static Lorg/gradle/internal/build/event/types/DefaultOperationDescriptor;.<clinit>()V> (0x000000074fd1c1f8) 
thrown [s\src\hotspot\share\prims\jni.cpp, line 1112]
Event: 21.826 Thread 0x00000289fd7d09c0 Exception <a 'java/lang/NoSuchMethodError'{0x000000074fa08a20}: static Lorg/gradle/internal/build/event/types/DefaultStatusEvent;.<clinit>()V> (0x000000074fa08a20) 
thrown [s\src\hotspot\share\prims\jni.cpp, line 1112]
Event: 22.334 Thread 0x00000289fd7d09c0 Exception <a 'java/lang/NoSuchMethodError'{0x000000074fbe97f8}: static Lorg/gradle/internal/build/event/types/DefaultOperationFinishedProgressEvent;.<clinit>()V> (0x000000074fbe97f8) 
thrown [s\src\hotspot\share\prims\jni.cpp, line 1112]
Event: 22.336 Thread 0x00000289fd7d09c0 Exception <a 'java/lang/NoSuchMethodError'{0x000000074f81dbb8}: static Lorg/gradle/internal/build/event/types/DefaultFileDownloadSuccessResult;.<clinit>()V> (0x000000074f81dbb8) 
thrown [s\src\hotspot\share\prims\jni.cpp, line 1112]
Event: 22.336 Thread 0x00000289fd7d09c0 Exception <a 'java/lang/NoSuchMethodError'{0x000000074f81e9b0}: static Lorg/gradle/internal/build/event/types/DefaultSuccessResult;.<clinit>()V> (0x000000074f81e9b0) 
thrown [s\src\hotspot\share\prims\jni.cpp, line 1112]
Event: 22.336 Thread 0x00000289fd7d09c0 Exception <a 'java/lang/NoSuchMethodError'{0x000000074f81f518}: static Lorg/gradle/internal/build/event/types/AbstractOperationResult;.<clinit>()V> (0x000000074f81f518) 
thrown [s\src\hotspot\share\prims\jni.cpp, line 1112]
Event: 53.839 Thread 0x000002898282dfa0 Implicit null exception at 0x00000289a66b55ee to 0x00000289a66b6f00
Event: 53.839 Thread 0x000002898282f3e0 Implicit null exception at 0x00000289a66b55ee to 0x00000289a66b6f00
Event: 53.840 Thread 0x000002898282ad00 Implicit null exception at 0x00000289a66b55ee to 0x00000289a66b6f00
Event: 53.841 Thread 0x000002898282f3e0 Implicit null exception at 0x00000289a66b55ee to 0x00000289a66b6f00
Event: 53.841 Thread 0x000002898282dfa0 Implicit null exception at 0x00000289a66b55ee to 0x00000289a66b6f00
Event: 53.841 Thread 0x00000289fd7d04b0 Implicit null exception at 0x00000289a66b55ee to 0x00000289a66b6f00
Event: 53.841 Thread 0x000002898282b210 Implicit null exception at 0x00000289a66b55ee to 0x00000289a66b6f00
Event: 53.841 Thread 0x0000028982831c60 Implicit null exception at 0x00000289a66b55ee to 0x00000289a66b6f00
Event: 53.842 Thread 0x000002898282a7f0 Implicit null exception at 0x00000289a66b55ee to 0x00000289a66b6f00
Event: 53.842 Thread 0x000002898282e9c0 Implicit null exception at 0x00000289a66b55ee to 0x00000289a66b6f00
Event: 53.844 Thread 0x000002898282c650 Implicit null exception at 0x00000289a66b55ee to 0x00000289a66b6f00
Event: 53.936 Thread 0x00000289fd7d04b0 Implicit null exception at 0x00000289a60bddd2 to 0x00000289a60be3d0

VM Operations (20 events):
Event: 47.154 Executing VM operation: Cleanup done
Event: 49.155 Executing VM operation: Cleanup
Event: 49.155 Executing VM operation: Cleanup done
Event: 50.155 Executing VM operation: Cleanup
Event: 50.155 Executing VM operation: Cleanup done
Event: 51.155 Executing VM operation: Cleanup
Event: 51.155 Executing VM operation: Cleanup done
Event: 52.156 Executing VM operation: Cleanup
Event: 52.156 Executing VM operation: Cleanup done
Event: 53.157 Executing VM operation: Cleanup
Event: 53.157 Executing VM operation: Cleanup done
Event: 53.913 Executing VM operation: HandshakeAllThreads
Event: 53.914 Executing VM operation: HandshakeAllThreads done
Event: 53.958 Executing VM operation: G1TryInitiateConcMark
Event: 53.962 Executing VM operation: G1TryInitiateConcMark done
Event: 54.011 Executing VM operation: G1TryInitiateConcMark
Event: 54.014 Executing VM operation: G1TryInitiateConcMark done
Event: 54.053 Executing VM operation: G1TryInitiateConcMark
Event: 54.056 Executing VM operation: G1TryInitiateConcMark done
Event: 54.103 Executing VM operation: G1TryInitiateConcMark

Memory protections (0 events):
No events

Nmethod flushes (20 events):
Event: 53.927 Thread 0x00000289b799f3b0 flushing  nmethod 0x000002899ee40c90
Event: 53.928 Thread 0x00000289b799f3b0 flushing  nmethod 0x000002899eeb4a90
Event: 53.928 Thread 0x00000289b799f3b0 flushing  nmethod 0x000002899eed3590
Event: 53.928 Thread 0x00000289b799f3b0 flushing  nmethod 0x000002899eed3b10
Event: 53.928 Thread 0x00000289b799f3b0 flushing  nmethod 0x000002899eee5610
Event: 53.929 Thread 0x00000289b799f3b0 flushing  nmethod 0x000002899efe3f10
Event: 53.929 Thread 0x00000289b799f3b0 flushing  nmethod 0x000002899f035090
Event: 53.929 Thread 0x00000289b799f3b0 flushing  nmethod 0x000002899f038b90
Event: 53.929 Thread 0x00000289b799f3b0 flushing  nmethod 0x000002899f039a10
Event: 53.929 Thread 0x00000289b799f3b0 flushing  nmethod 0x000002899f04f910
Event: 53.929 Thread 0x00000289b799f3b0 flushing  nmethod 0x000002899f059c90
Event: 53.930 Thread 0x00000289b799f3b0 flushing  nmethod 0x000002899f2dcc10
Event: 53.931 Thread 0x00000289b799f3b0 flushing  nmethod 0x000002899f349590
Event: 53.931 Thread 0x00000289b799f3b0 flushing  nmethod 0x000002899f36b590
Event: 53.931 Thread 0x00000289b799f3b0 flushing  nmethod 0x000002899f39b590
Event: 53.931 Thread 0x00000289b799f3b0 flushing  nmethod 0x000002899f48e110
Event: 53.932 Thread 0x00000289b799f3b0 flushing  nmethod 0x000002899f4b2690
Event: 53.932 Thread 0x00000289b799f3b0 flushing  nmethod 0x000002899f52e490
Event: 53.932 Thread 0x00000289b799f3b0 flushing  nmethod 0x000002899f576890
Event: 53.932 Thread 0x00000289b799f3b0 flushing  nmethod 0x000002899f579790

Events (20 events):
Event: 21.742 Thread 0x00000289825ccaf0 Thread exited: 0x00000289825ccaf0
Event: 21.826 Thread 0x00000289b799aa50 Thread added: 0x00000289825ccaf0
Event: 22.008 Thread 0x00000289825ccaf0 Thread exited: 0x00000289825ccaf0
Event: 22.290 Thread 0x00000289b799aa50 Thread added: 0x00000289825c95d0
Event: 22.775 Thread 0x00000289825c95d0 Thread exited: 0x00000289825c95d0
Event: 29.100 Thread 0x000002898049cc50 Thread exited: 0x000002898049cc50
Event: 53.815 Thread 0x00000289fd7d04b0 Thread added: 0x000002898282dfa0
Event: 53.816 Thread 0x00000289fd7d04b0 Thread added: 0x000002898282c650
Event: 53.816 Thread 0x00000289fd7d04b0 Thread added: 0x000002898282a7f0
Event: 53.816 Thread 0x00000289fd7d04b0 Thread added: 0x000002898282e4b0
Event: 53.816 Thread 0x00000289fd7d04b0 Thread added: 0x000002898282ad00
Event: 53.816 Thread 0x00000289fd7d04b0 Thread added: 0x000002898282e9c0
Event: 53.816 Thread 0x00000289fd7d04b0 Thread added: 0x000002898282b210
Event: 53.816 Thread 0x00000289fd7d04b0 Thread added: 0x0000028982831c60
Event: 53.816 Thread 0x00000289fd7d04b0 Thread added: 0x000002898282f3e0
Event: 53.817 Thread 0x00000289fd7d04b0 Thread added: 0x0000028982830310
Event: 53.832 Thread 0x00000289b7997980 Thread added: 0x00000289825c95d0
Event: 53.846 Thread 0x00000289b799aa50 Thread added: 0x00000289825ca5c0
Event: 54.040 Thread 0x00000289fd7d04b0 Thread added: 0x0000028982830d30
Event: 54.041 Thread 0x00000289fd7d04b0 Thread added: 0x000002898282f8f0


Dynamic libraries:
0x00007ff7d73d0000 - 0x00007ff7d73de000 	C:\Program Files\Microsoft\jdk-17.0.17.10-hotspot\bin\java.exe
0x00007ffacde00000 - 0x00007fface068000 	C:\WINDOWS\SYSTEM32\ntdll.dll
0x00007ffacc010000 - 0x00007ffacc0d9000 	C:\WINDOWS\System32\KERNEL32.DLL
0x00007ffacb650000 - 0x00007ffacba41000 	C:\WINDOWS\System32\KERNELBASE.dll
0x00007ffacba50000 - 0x00007ffacbb9b000 	C:\WINDOWS\System32\ucrtbase.dll
0x00007ffab3190000 - 0x00007ffab31a8000 	C:\Program Files\Microsoft\jdk-17.0.17.10-hotspot\bin\jli.dll
0x00007ffa9e0a0000 - 0x00007ffa9e0be000 	C:\Program Files\Microsoft\jdk-17.0.17.10-hotspot\bin\VCRUNTIME140.dll
0x00007ffacbd20000 - 0x00007ffacbee6000 	C:\WINDOWS\System32\USER32.dll
0x00007ffaca9a0000 - 0x00007ffaca9c7000 	C:\WINDOWS\System32\win32u.dll
0x00007ffab9780000 - 0x00007ffab9a13000 	C:\WINDOWS\WinSxS\amd64_microsoft.windows.common-controls_6595b64144ccf1df_6.0.26100.7653_none_3e0b88a0e3318624\COMCTL32.dll
0x00007ffacdd90000 - 0x00007ffacddbb000 	C:\WINDOWS\System32\GDI32.dll
0x00007ffacc130000 - 0x00007ffacc1d9000 	C:\WINDOWS\System32\msvcrt.dll
0x00007ffacac00000 - 0x00007ffacad2b000 	C:\WINDOWS\System32\gdi32full.dll
0x00007ffacad30000 - 0x00007ffacadd3000 	C:\WINDOWS\System32\msvcp_win.dll
0x00007ffacd130000 - 0x00007ffacd161000 	C:\WINDOWS\System32\IMM32.DLL
0x00007ffac5b50000 - 0x00007ffac5b5c000 	C:\Program Files\Microsoft\jdk-17.0.17.10-hotspot\bin\vcruntime140_1.dll
0x00007ffa98820000 - 0x00007ffa988a9000 	C:\Program Files\Microsoft\jdk-17.0.17.10-hotspot\bin\msvcp140.dll
0x00007ff9d06f0000 - 0x00007ff9d136a000 	C:\Program Files\Microsoft\jdk-17.0.17.10-hotspot\bin\server\jvm.dll
0x00007ffacc3e0000 - 0x00007ffacc494000 	C:\WINDOWS\System32\ADVAPI32.dll
0x00007ffacd080000 - 0x00007ffacd126000 	C:\WINDOWS\System32\sechost.dll
0x00007ffacbef0000 - 0x00007ffacc008000 	C:\WINDOWS\System32\RPCRT4.dll
0x00007ffacdd10000 - 0x00007ffacdd84000 	C:\WINDOWS\System32\WS2_32.dll
0x00007ffaca490000 - 0x00007ffaca4ee000 	C:\WINDOWS\SYSTEM32\POWRPROF.dll
0x00007ffac27c0000 - 0x00007ffac27f5000 	C:\WINDOWS\SYSTEM32\WINMM.dll
0x00007ffac3890000 - 0x00007ffac389b000 	C:\WINDOWS\SYSTEM32\VERSION.dll
0x00007ffaca370000 - 0x00007ffaca384000 	C:\WINDOWS\SYSTEM32\UMPDC.dll
0x00007ffac9450000 - 0x00007ffac946b000 	C:\WINDOWS\SYSTEM32\kernel.appcore.dll
0x00007ffab3880000 - 0x00007ffab388a000 	C:\Program Files\Microsoft\jdk-17.0.17.10-hotspot\bin\jimage.dll
0x00007ffac8740000 - 0x00007ffac8982000 	C:\WINDOWS\SYSTEM32\DBGHELP.DLL
0x00007ffacc710000 - 0x00007ffacca96000 	C:\WINDOWS\System32\combase.dll
0x00007ffaccaa0000 - 0x00007ffaccb77000 	C:\WINDOWS\System32\OLEAUT32.dll
0x00007ffaa3810000 - 0x00007ffaa384b000 	C:\WINDOWS\SYSTEM32\dbgcore.DLL
0x00007ffacab50000 - 0x00007ffacabf5000 	C:\WINDOWS\System32\bcryptPrimitives.dll
0x00007ffab3230000 - 0x00007ffab323f000 	C:\Program Files\Microsoft\jdk-17.0.17.10-hotspot\bin\instrument.dll
0x00007ffa9a9b0000 - 0x00007ffa9a9d6000 	C:\Program Files\Microsoft\jdk-17.0.17.10-hotspot\bin\java.dll
0x00007ffa96430000 - 0x00007ffa96506000 	C:\Program Files\Microsoft\jdk-17.0.17.10-hotspot\bin\jsvml.dll
0x00007ffacd540000 - 0x00007ffacdc91000 	C:\WINDOWS\System32\SHELL32.dll
0x00007ffaca6e0000 - 0x00007ffaca84a000 	C:\WINDOWS\System32\wintypes.dll
0x00007ffacade0000 - 0x00007ffacb644000 	C:\WINDOWS\System32\windows.storage.dll
0x00007ffacc1e0000 - 0x00007ffacc2d6000 	C:\WINDOWS\System32\SHCORE.dll
0x00007ffacd010000 - 0x00007ffacd077000 	C:\WINDOWS\System32\shlwapi.dll
0x00007ffaca600000 - 0x00007ffaca628000 	C:\WINDOWS\SYSTEM32\profapi.dll
0x00007ffa9dc80000 - 0x00007ffa9dc98000 	C:\Program Files\Microsoft\jdk-17.0.17.10-hotspot\bin\zip.dll
0x00007ffa99720000 - 0x00007ffa9973b000 	C:\Program Files\Microsoft\jdk-17.0.17.10-hotspot\bin\net.dll
0x00007ffac2e20000 - 0x00007ffac2f47000 	C:\WINDOWS\SYSTEM32\WINHTTP.dll
0x00007ffac99a0000 - 0x00007ffac9a0b000 	C:\WINDOWS\system32\mswsock.dll
0x00007ffa98f50000 - 0x00007ffa98f66000 	C:\Program Files\Microsoft\jdk-17.0.17.10-hotspot\bin\nio.dll
0x00007ffab2770000 - 0x00007ffab2780000 	C:\Program Files\Microsoft\jdk-17.0.17.10-hotspot\bin\verify.dll
0x00007ffa988b0000 - 0x00007ffa988d7000 	C:\Users\qwarx.NOREEN-COMPUTER\.gradle\native\c067742578af261105cb4f569cf0c3c89f3d7b1fecec35dd04571415982c5e48\windows-amd64\native-platform.dll
0x00007ffa57db0000 - 0x00007ffa57ef4000 	C:\Users\qwarx.NOREEN-COMPUTER\.gradle\native\100fb08df4bc3b14c8652ba06237920a3bd2aa13389f12d3474272988ae205f9\windows-amd64\native-platform-file-events.dll
0x00007ffab1730000 - 0x00007ffab173a000 	C:\Program Files\Microsoft\jdk-17.0.17.10-hotspot\bin\management.dll
0x00007ffab1600000 - 0x00007ffab160c000 	C:\Program Files\Microsoft\jdk-17.0.17.10-hotspot\bin\management_ext.dll
0x00007ffacdcf0000 - 0x00007ffacdcf8000 	C:\WINDOWS\System32\PSAPI.DLL
0x00007ffac9d90000 - 0x00007ffac9dab000 	C:\WINDOWS\SYSTEM32\CRYPTSP.dll
0x00007ffac93b0000 - 0x00007ffac93e9000 	C:\WINDOWS\system32\rsaenh.dll
0x00007ffac9a50000 - 0x00007ffac9a7b000 	C:\WINDOWS\SYSTEM32\USERENV.dll
0x00007ffaca5d0000 - 0x00007ffaca5fa000 	C:\WINDOWS\SYSTEM32\bcrypt.dll
0x00007ffac9bf0000 - 0x00007ffac9bfc000 	C:\WINDOWS\SYSTEM32\CRYPTBASE.dll
0x00007ffac8e50000 - 0x00007ffac8e84000 	C:\WINDOWS\SYSTEM32\IPHLPAPI.DLL
0x00007ffacbd10000 - 0x00007ffacbd1a000 	C:\WINDOWS\System32\NSI.dll
0x00007ffac2c70000 - 0x00007ffac2c8e000 	C:\WINDOWS\SYSTEM32\dhcpcsvc6.DLL
0x00007ffac2c40000 - 0x00007ffac2c63000 	C:\WINDOWS\SYSTEM32\dhcpcsvc.DLL
0x00007ffac8ee0000 - 0x00007ffac900c000 	C:\WINDOWS\SYSTEM32\DNSAPI.dll
0x00007ffaaff90000 - 0x00007ffaaff99000 	C:\Program Files\Microsoft\jdk-17.0.17.10-hotspot\bin\extnet.dll
0x00007ffaad670000 - 0x00007ffaad67e000 	C:\Program Files\Microsoft\jdk-17.0.17.10-hotspot\bin\sunmscapi.dll
0x00007ffaca9d0000 - 0x00007ffacab47000 	C:\WINDOWS\System32\CRYPT32.dll
0x00007ffac9ee0000 - 0x00007ffac9f10000 	C:\WINDOWS\SYSTEM32\ncrypt.dll
0x00007ffac9e90000 - 0x00007ffac9ecf000 	C:\WINDOWS\SYSTEM32\NTASN1.dll
0x00007ffaa29c0000 - 0x00007ffaa29c8000 	C:\WINDOWS\system32\wshunix.dll
0x00007ffac2a50000 - 0x00007ffac2a5b000 	C:\Windows\System32\rasadhlp.dll
0x00007ffabfaf0000 - 0x00007ffabfb76000 	C:\WINDOWS\System32\fwpuclnt.dll
0x00007ffac9570000 - 0x00007ffac95a6000 	C:\WINDOWS\SYSTEM32\ntmarta.dll

dbghelp: loaded successfully - version: 4.0.5 - missing functions: none
symbol engine: initialized successfully - sym options: 0x614 - pdb path: .;C:\Program Files\Microsoft\jdk-17.0.17.10-hotspot\bin;C:\WINDOWS\SYSTEM32;C:\WINDOWS\WinSxS\amd64_microsoft.windows.common-controls_6595b64144ccf1df_6.0.26100.7653_none_3e0b88a0e3318624;C:\Program Files\Microsoft\jdk-17.0.17.10-hotspot\bin\server;C:\Users\qwarx.NOREEN-COMPUTER\.gradle\native\c067742578af261105cb4f569cf0c3c89f3d7b1fecec35dd04571415982c5e48\windows-amd64;C:\Users\qwarx.NOREEN-COMPUTER\.gradle\native\100fb08df4bc3b14c8652ba06237920a3bd2aa13389f12d3474272988ae205f9\windows-amd64

VM Arguments:
jvm_args: --add-opens=java.base/java.util=ALL-UNNAMED --add-opens=java.base/java.lang=ALL-UNNAMED --add-opens=java.base/java.lang.invoke=ALL-UNNAMED --add-opens=java.prefs/java.util.prefs=ALL-UNNAMED --add-opens=java.base/java.nio.charset=ALL-UNNAMED --add-opens=java.base/java.net=ALL-UNNAMED --add-opens=java.base/java.util.concurrent.atomic=ALL-UNNAMED -Xmx3G -Dfile.encoding=UTF-8 -Duser.country=GB -Duser.language=en -Duser.variant -javaagent:C:\Users\qwarx.NOREEN-COMPUTER\.gradle\wrapper\dists\gradle-8.8-bin\dl7vupf4psengwqhwktix4v1\gradle-8.8\lib\agents\gradle-instrumentation-agent-8.8.jar 
java_command: org.gradle.launcher.daemon.bootstrap.GradleDaemon 8.8
java_class_path (initial): C:\Users\qwarx.NOREEN-COMPUTER\.gradle\wrapper\dists\gradle-8.8-bin\dl7vupf4psengwqhwktix4v1\gradle-8.8\lib\gradle-launcher-8.8.jar
Launcher Type: SUN_STANDARD

[Global flags]
     intx CICompilerCount                          = 4                                         {product} {ergonomic}
     uint ConcGCThreads                            = 3                                         {product} {ergonomic}
     uint G1ConcRefinementThreads                  = 10                                        {product} {ergonomic}
   size_t G1HeapRegionSize                         = 2097152                                   {product} {ergonomic}
    uintx GCDrainStackTargetSize                   = 64                                        {product} {ergonomic}
   size_t InitialHeapSize                          = 266338304                                 {product} {ergonomic}
   size_t MarkStackSize                            = 4194304                                   {product} {ergonomic}
   size_t MaxHeapSize                              = 3221225472                                {product} {command line}
   size_t MaxNewSize                               = 1931476992                                {product} {ergonomic}
   size_t MinHeapDeltaBytes                        = 2097152                                   {product} {ergonomic}
   size_t MinHeapSize                              = 8388608                                   {product} {ergonomic}
    uintx NonNMethodCodeHeapSize                   = 5839372                                {pd product} {ergonomic}
    uintx NonProfiledCodeHeapSize                  = 122909434                              {pd product} {ergonomic}
    uintx ProfiledCodeHeapSize                     = 122909434                              {pd product} {ergonomic}
    uintx ReservedCodeCacheSize                    = 251658240                              {pd product} {ergonomic}
     bool SegmentedCodeCache                       = true                                      {product} {ergonomic}
   size_t SoftMaxHeapSize                          = 3221225472                             {manageable} {ergonomic}
     bool UseCompressedClassPointers               = true                           {product lp64_product} {ergonomic}
     bool UseCompressedOops                        = true                           {product lp64_product} {ergonomic}
     bool UseG1GC                                  = true                                      {product} {ergonomic}
     bool UseLargePagesIndividualAllocation        = false                                  {pd product} {ergonomic}

Logging:
Log output configuration:
 #0: stdout all=warning uptime,level,tags
 #1: stderr all=off uptime,level,tags

Environment Variables:
JAVA_HOME=C:\Program Files\Microsoft\jdk-17.0.17.10-hotspot
PATH=C:\Program Files\Eclipse Adoptium\jdk-8.0.492.9-hotspot\bin;C:\Program Files\Eclipse Adoptium\jdk-17.0.18.8-hotspot\bin;C:\Users\qwarx.NOREEN-COMPUTER\AppData\Local\Programs\Python\Python314\Scripts\;C:\Users\qwarx.NOREEN-COMPUTER\AppData\Local\Programs\Python\Python314\;C:\Program Files\ImageMagick-7.1.2-Q16-HDRI;C:\Program Files\Microsoft\jdk-17.0.17.10-hotspot\bin;C:\Program Files\Common Files\Oracle\Java\javapath;C:\WINDOWS\system32;C:\WINDOWS;C:\WINDOWS\System32\Wbem;C:\WINDOWS\System32\WindowsPowerShell\v1.0\;C:\WINDOWS\System32\OpenSSH\;C:\Program Files\NVIDIA Corporation\NVIDIA App\NvDLISR;C:\Program Files\dotnet\;C:\Program Files (x86)\AOMEI\AOMEI Backupper\7.5.0;C:\Program Files\Git\cmd;C:\Program Files (x86)\Plantronics\Spokes3G\;C:\Program Files\PuTTY\;C:\Program Files\Docker\Docker\resources\bin;C:\Program Files\nodejs\;C:\ProgramData\chocolatey\bin;C:\Program Files\GitHub CLI\;C:\Program Files\CMake\bin;C:\Program Files (x86)\NVIDIA Corporation\PhysX\Common;C:\Program Files\Tailscale\;C:\Users\qwarx.NOREEN-COMPUTER\anaconda3;C:\Users\qwarx.NOREEN-COMPUTER\anaconda3\Library\mingw-w64\bin;C:\Users\qwarx.NOREEN-COMPUTER\anaconda3\Library\usr\bin;C:\Users\qwarx.NOREEN-COMPUTER\anaconda3\Library\bin;C:\Users\qwarx.NOREEN-COMPUTER\anaconda3\Scripts;C:\Program Files\Microsoft\jdk-17.0.17.10-hotspot\bin;C:\Program Files\Eclipse Adoptium\jdk-8.0.492.9-hotspot\bin;C:\Program Files\Eclipse Adoptium\jdk-17.0.18.8-hotspot\bin;C:\Users\qwarx.NOREEN-COMPUTER\AppData\Local\Programs\Python\Python314\Scripts\;C:\Users\qwarx.NOREEN-COMPUTER\AppData\Local\Programs\Python\Python314\;C:\Program Files\ImageMagick-7.1.2-Q16-HDRI;C:\Program Files\Microsoft\jdk-17.0.17.10-hotspot\bin;C:\Program Files\Common Files\Oracle\Java\javapath;C:\WINDOWS\system32;C:\WINDOWS;C:\WINDOWS\System32\Wbem;C:\WINDOWS\System32\WindowsPowerShell\v1.0\;C:\WINDOWS\System32\OpenSSH\;C:\Program Files\NVIDIA Corporation\NVIDIA App\NvDLISR;C:\Program Files\dotnet\;C:\Program Files (x86)\AOMEI\AOMEI Backupper\7.5.0;C:\Program Files\Git\cmd;C:\Program Files (x86)\Plantronics\Spokes3G\;C:\Program Files\PuTTY\;C:\Program Files\Docker\Docker\resources\bin;C:\Program Files\nodejs\;C:\ProgramData\chocolatey\bin;C:\Program Files\GitHub CLI\;C:\Program Files\CMake\bin;C:\Program Files (x86)\NVIDIA Corporation\PhysX\Common;C:\Program Files\Tailscale\;C:\Users\qwarx.NOREEN-COMPUTER\AppData\Local\Programs\Microsoft VS Code\bin;C:\Users\qwarx.NOREEN-COMPUTER\AppData\Roaming\npm;C:\Users\qwarx.NOREEN-COMPUTER\AppData\Local\Python\bin; C:\Users\qwarx.NOREEN-COMPUTER\AppData\Local\Programs\Python\Python311;C:\Users\qwarx.NOREEN-COMPUTER\.dotnet\tools
USERNAME=qwarx
OS=Windows_NT
PROCESSOR_IDENTIFIER=Intel64 Family 6 Model 158 Stepping 10, GenuineIntel
TMP=C:\Users\qwarx.NOREEN-COMPUTER\AppData\Local\Temp
TEMP=C:\Users\qwarx.NOREEN-COMPUTER\AppData\Local\Temp



Periodic native trim disabled


---------------  S Y S T E M  ---------------

OS:
 Windows 11 , 64 bit Build 26100 (10.0.26100.7653)
OS uptime: 0 days 22:53 hours
Hyper-V role detected

CPU: total 12 (initial active 12) (6 cores per cpu, 2 threads per core) family 6 model 158 stepping 10 microcode 0xf8, cx8, cmov, fxsr, ht, mmx, 3dnowpref, sse, sse2, sse3, ssse3, sse4.1, sse4.2, popcnt, lzcnt, tsc, tscinvbit, avx, avx2, aes, erms, clmul, bmi1, bmi2, rtm, adx, fma, vzeroupper, clflush, clflushopt, hv
Processor Information for the first 12 processors :
  Max Mhz: 3192, Current Mhz: 3192, Mhz Limit: 3192

Memory: 4k page, system-wide physical 16214M (1782M free)
TotalPageFile size 31040M (AvailPageFile size 46M)
current process WorkingSet (physical memory assigned to process): 583M, peak: 591M
current process commit charge ("private bytes"): 643M, peak: 771M

vm_info: OpenJDK 64-Bit Server VM (17.0.17+10-LTS) for windows-amd64 JRE (17.0.17+10-LTS), built on Oct 13 2025 22:19:56 by "MicrosoftCorporation" with unknown MS VC++:1944

END.
