#
# There is insufficient memory for the Java Runtime Environment to continue.
# Native memory allocation (mmap) failed to map 4161536 bytes. Error detail: G1 virtual space
# Possible reasons:
#   The system is out of physical RAM or swap space
#   This process is running with CompressedOops enabled, and the Java Heap may be blocking the growth of the native heap
# Possible solutions:
#   Reduce memory load on the system
#   Increase physical memory or swap space
#   Check if swap backing store is full
#   Decrease Java heap size (-Xmx/-Xms)
#   Decrease number of Java threads
#   Decrease Java thread stack sizes (-Xss)
#   Set larger code cache with -XX:ReservedCodeCacheSize=
#   JVM is running with Zero Based Compressed Oops mode in which the Java heap is
#     placed in the first 32GB address space. The Java Heap base address is the
#     maximum limit for the native heap growth. Please use -XX:HeapBaseMinAddress
#     to set the Java Heap base and to place the Java Heap above 32GB virtual address.
# This output file may be truncated or incomplete.
#
#  Out of Memory Error (os_windows.cpp:3690), pid=1320, tid=6960
#
# JRE version:  (17.0.17+10) (build )
# Java VM: OpenJDK 64-Bit Server VM (17.0.17+10-LTS, mixed mode, sharing, tiered, compressed oops, compressed class ptrs, g1 gc, windows-amd64)
# No core dump will be written. Minidumps are not enabled by default on client versions of Windows
#

---------------  S U M M A R Y ------------

Command Line: -Dfile.encoding=UTF-8 -Duser.country=GB -Duser.language=en -Duser.variant net.minecraftforge.renamer.Main --input C:\Users\qwarx.NOREEN-COMPUTER\EzyNetherrack\build\libs\ezynetherrack-1.0-SNAPSHOT.jar --output C:\Users\qwarx.NOREEN-COMPUTER\EzyNetherrack\build\reobfJar\output.jar --names C:\Users\qwarx.NOREEN-COMPUTER\EzyNetherrack\build\reobfJar\mappings.tsrg --lib C:\Users\qwarx.NOREEN-COMPUTER\.gradle\caches\forge_gradle\minecraft_user_repo\net\minecraftforge\forge\1.20.1-47.4.20_mapped_official_1.20.1\forge-1.20.1-47.4.20_mapped_official_1.20.1.jar --lib C:\Users\qwarx.NOREEN-COMPUTER\.gradle\caches\forge_gradle\minecraft_repo\versions\1.20.1\client-extra.jar --lib C:\Users\qwarx.NOREEN-COMPUTER\.gradle\caches\modules-2\files-2.1\net.minecraftforge\fmlloader\1.20.1-47.4.20\8798bdd148d476c7ec54d8156f88de5e243c2dfb\fmlloader-1.20.1-47.4.20.jar --lib C:\Users\qwarx.NOREEN-COMPUTER\.gradle\caches\modules-2\files-2.1\net.minecraftforge\JarJarSelector\0.3.19\376cc9c8ea60720cf027c01fc033de915699801c\JarJarSelector-0.3.19.jar --lib C:\Users\qwarx.NOREEN-COMPUTER\.gradle\caches\modules-2\files-2.1\net.minecraftforge\JarJarMetadata\0.3.19\83feaa9b770e6ac0e96ee4fc23fa89325c5fe2\JarJarMetadata-0.3.19.jar --lib C:\Users\qwarx.NOREEN-COMPUTER\.gradle\caches\modules-2\files-2.1\com.google.guava\guava\31.1-jre\60458f877d055d0c9114d9e1a2efb737b4bc282c\guava-31.1-jre.jar --lib C:\Users\qwarx.NOREEN-COMPUTER\.gradle\caches\modules-2\files-2.1\com.google.code.findbugs\jsr305\3.0.2\25ea2e8b0c338a877313bd4672d3fe056ea78f0d\jsr305-3.0.2.jar --lib C:\Users\qwarx.NOREEN-COMPUTER\.gradle\caches\modules-2\files-2.1\ca.weblite\java-objc-bridge\1.1\1227f9e0666314f9de41477e3ec277e542ed7f7b\java-objc-bridge-1.1.jar --lib C:\Users\qwarx.NOREEN-COMPUTER\.gradle\caches\modules-2\files-2.1\net.minecraftforge\forgespi\7.0.1\3b4972a0cdb135853dba219be61a79b22cff1309\forgespi-7.0.1.jar --lib C:\Users\qwarx.NOREEN-COMPUTER\.gradle\caches\modules-2\files-2.1\net.minecraftforge\mergetool\1.1.5\f3da18e12c696d35a47c82cbb2cc8b5aa15e1154\mergetool-1.1.5-api.jar --lib C:\Users\qwarx.NOREEN-COMPUTER\.gradle\caches\modules-2\files-2.1\org.jetbrains\annotations\24.0.1\13c5c75c4206580aa4d683bffee658caae6c9f43\annotations-24.0.1.jar --lib C:\Users\qwarx.NOREEN-COMPUTER\.gradle\caches\modules-2\files-2.1\cpw.mods\securejarhandler\2.1.10\51e6a22c6c716beb11e244bf5b8be480f51dd6b5\securejarhandler-2.1.10.jar --lib C:\Users\qwarx.NOREEN-COMPUTER\.gradle\caches\modules-2\files-2.1\net.minecraftforge\coremods\5.2.4\e30bab269d896613e38396274711410b3a0e4b87\coremods-5.2.4.jar --lib C:\Users\qwarx.NOREEN-COMPUTER\.gradle\caches\modules-2\files-2.1\cpw.mods\modlauncher\10.0.9\6d9443f56f50bb85cea383686ff9c867391458b\modlauncher-10.0.9.jar --lib C:\Users\qwarx.NOREEN-COMPUTER\.gradle\caches\modules-2\files-2.1\org.openjdk.nashorn\nashorn-core\15.4\f67f5ffaa5f5130cf6fb9b133da00c7df3b532a5\nashorn-core-15.4.jar --lib C:\Users\qwarx.NOREEN-COMPUTER\.gradle\caches\modules-2\files-2.1\org.ow2.asm\asm-commons\9.9.1\ab35de4c537184a09339069f1a3b3aacf2289149\asm-commons-9.9.1.jar --lib C:\Users\qwarx.NOREEN-COMPUTER\.gradle\caches\modules-2\files-2.1\org.ow2.asm\asm-util\9.9.1\e51f5b0ae0b0c1960687ae970a2a3434d39d8abb\asm-util-9.9.1.jar --lib C:\Users\qwarx.NOREEN-COMPUTER\.gradle\caches\modules-2\files-2.1\org.ow2.asm\asm-analysis\9.9.1\1ab8d9316ef7a67240087919a708246c37ed1660\asm-analysis-9.9.1.jar --lib C:\Users\qwarx.NOREEN-COMPUTER\.gradle\caches\modules-2\files-2.1\org.ow2.asm\asm-tree\9.9.1\b6b1b3366296163b4b1f540731aad0a2baa484d8\asm-tree-9.9.1.jar --lib C:\Users\qwarx.NOREEN-COMPUTER\.gradle\caches\modules-2\files-2.1\org.ow2.asm\asm\9.9.1\2ceea6ab43bcae1979b2a6d85fc0ca429877e5ab\asm-9.9.1.jar --lib C:\Users\qwarx.NOREEN-COMPUTER\.gradle\caches\modules-2\files-2.1\net.minecraftforge\accesstransformers\8.0.4\272d240aa73f42195b2a68e2ebd8b701ecf41f63\accesstransformers-8.0.4.jar --lib C:\Users\qwarx.NOREEN-COMPUTER\.gradle\caches\modules-2\files-2.1\org.antlr\antlr4\4.9.1\e92af8ab33e428461927b484e90bb155a4f3a052\antlr4-4.9.1.jar --lib C:\Users\qwarx.NOREEN-COMPUTER\.gradle\caches\modules-2\files-2.1\org.antlr\antlr4-runtime\4.9.1\428664f05d2b7f7b7610204b5aa7c1763f62011a\antlr4-runtime-4.9.1.jar --lib C:\Users\qwarx.NOREEN-COMPUTER\.gradle\caches\modules-2\files-2.1\net.minecraftforge\fmlcore\1.20.1-47.4.20\e8cc697c69f3911e76caa2f005d9486597cd7448\fmlcore-1.20.1-47.4.20.jar --lib C:\Users\qwarx.NOREEN-COMPUTER\.gradle\caches\modules-2\files-2.1\net.minecraftforge\eventbus\6.2.33\3fae69cfa9c5095bcc25c0a8a3ed9b26c156f922\eventbus-6.2.33.jar --lib C:\Users\qwarx.NOREEN-COMPUTER\.gradle\caches\modules-2\files-2.1\net.minecraftforge\unsafe\0.2.0\54d7a0a5e8fdb71b973025caa46f341ae5904f39\unsafe-0.2.0.jar --lib C:\Users\qwarx.NOREEN-COMPUTER\.gradle\caches\modules-2\files-2.1\com.electronwill.night-config\toml\3.6.4\51d6cefb2b55ee55ee26b16391212fb2c7dfb4f4\toml-3.6.4.jar --lib C:\Users\qwarx.NOREEN-COMPUTER\.gradle\caches\modules-2\files-2.1\com.electronwill.night-config\core\3.6.4\510f174abbf1c947494db50ef2445683bd52c230\core-3.6.4.jar --lib C:\Users\qwarx.NOREEN-COMPUTER\.gradle\caches\modules-2\files-2.1\org.apache.maven\maven-artifact\3.8.5\4433f50c07debefaed0553bd0068f4f48d449313\maven-artifact-3.8.5.jar --lib C:\Users\qwarx.NOREEN-COMPUTER\.gradle\caches\modules-2\files-2.1\net.jodah\typetools\0.6.3\a01aaa6ddaea9ec07ec4f209487b7a46a526283a\typetools-0.6.3.jar --lib C:\Users\qwarx.NOREEN-COMPUTER\.gradle\caches\modules-2\files-2.1\net.minecrell\terminalconsoleappender\1.2.0\96d02cd3b384ff015a8fef4223bcb4ccf1717c95\terminalconsoleappender-1.2.0.jar --lib C:\Users\qwarx.NOREEN-COMPUTER\.gradle\caches\modules-2\files-2.1\org.jline\jline-reader\3.12.1\4382ab1382c7b6f379377ed5f665dc2f6e1218bc\jline-reader-3.12.1.jar --lib C:\Users\qwarx.NOREEN-COMPUTER\.gradle\caches\modules-2\files-2.1\org.jline\jline-terminal\3.12.1\c777448314e050d980a6b697c140f3bfe9eb7416\jline-terminal-3.12.1.jar --lib C:\Users\qwarx.NOREEN-COMPUTER\.gradle\caches\modules-2\files-2.1\org.spongepowered\mixin\0.8.5\9d1c0c3a304ae6697ecd477218fa61b850bf57fc\mixin-0.8.5.jar --lib C:\Users\qwarx.NOREEN-COMPUTER\.gradle\caches\modules-2\files-2.1\cpw.mods\bootstraplauncher\1.1.2\c546e00443d8432cda6baa1c860346980742628\bootstraplauncher-1.1.2.jar --lib C:\Users\qwarx.NOREEN-COMPUTER\.gradle\caches\modules-2\files-2.1\net.minecraftforge\JarJarFileSystems\0.3.19\2464eb7d6b9ddb9db36a82cf8a95193e5c6fe020\JarJarFileSystems-0.3.19.jar --lib C:\Users\qwarx.NOREEN-COMPUTER\.gradle\caches\modules-2\files-2.1\net.minecraftforge\fmlearlydisplay\1.20.1-47.4.20\4dcdfb740aff35b40a3471708ca8a5f1e22a9504\fmlearlydisplay-1.20.1-47.4.20.jar --lib C:\Users\qwarx.NOREEN-COMPUTER\.gradle\caches\modules-2\files-2.1\net.minecraftforge\javafmllanguage\1.20.1-47.4.20\c354b21002937b393c4f86163a98dccdf1d51e72\javafmllanguage-1.20.1-47.4.20.jar --lib C:\Users\qwarx.NOREEN-COMPUTER\.gradle\caches\modules-2\files-2.1\net.minecraftforge\lowcodelanguage\1.20.1-47.4.20\865d75f8c18329ddb31db5856701ab86609108b5\lowcodelanguage-1.20.1-47.4.20.jar --lib C:\Users\qwarx.NOREEN-COMPUTER\.gradle\caches\modules-2\files-2.1\net.minecraftforge\mclanguage\1.20.1-47.4.20\af599930362212ae937e392709f49047e6abbbf\mclanguage-1.20.1-47.4.20.jar --lib C:\Users\qwarx.NOREEN-COMPUTER\.gradle\caches\modules-2\files-2.1\com.github.oshi\oshi-core\6.2.2\54f5efc19bca95d709d9a37d19ffcbba3d21c1a6\oshi-core-6.2.2.jar --lib C:\Users\qwarx.NOREEN-COMPUTER\.gradle\caches\modules-2\files-2.1\com.google.code.gson\gson\2.10\dd9b193aef96e973d5a11ab13cd17430c2e4306b\gson-2.10.jar --lib C:\Users\qwarx.NOREEN-COMPUTER\.gradle\caches\modules-2\files-2.1\com.google.guava\failureaccess\1.0.1\1dcf1de382a0bf95a3d8b0849546c88bac1292c9\failureaccess-1.0.1.jar --lib C:\Users\qwarx.NOREEN-COMPUTER\.gradle\caches\modules-2\files-2.1\com.ibm.icu\icu4j\71.1\9e7d3304c23f9ba5cb71915f7cce23231a57a445\icu4j-71.1.jar --lib C:\Users\qwarx.NOREEN-COMPUTER\.gradle\caches\modules-2\files-2.1\com.mojang\authlib\4.0.43\2ff9d747a77570a07a60d32ac77eb6162ad2a2d9\authlib-4.0.43.jar --lib C:\Users\qwarx.NOREEN-COMPUTER\.gradle\caches\modules-2\files-2.1\com.mojang\blocklist\1.0.10\5c685c5ffa94c4cd39496c7184c1d122e515ecef\blocklist-1.0.10.jar --lib C:\Users\qwarx.NOREEN-COMPUTER\.gradle\caches\modules-2\files-2.1\com.mojang\brigadier\1.1.8\5244ce82c3337bba4a196a3ce858bfaecc74404a\brigadier-1.1.8.jar --lib C:\Users\qwarx.NOREEN-COMPUTER\.gradle\caches\modules-2\files-2.1\com.mojang\datafixerupper\6.0.8\3ba4a30557a9b057760af4011f909ba619fc5125\datafixerupper-6.0.8.jar --lib C:\Users\qwarx.NOREEN-COMPUTER\.gradle\caches\modules-2\files-2.1\com.mojang\logging\1.1.1\832b8e6674a9b325a5175a3a6267dfaf34c85139\logging-1.1.1.jar --lib C:\Users\qwarx.NOREEN-COMPUTER\.gradle\caches\modules-2\files-2.1\com.mojang\patchy\2.2.10\da05971b07cbb379d002cf7eaec6a2048211fefc\patchy-2.2.10.jar --lib C:\Users\qwarx.NOREEN-COMPUTER\.gradle\caches\modules-2\files-2.1\com.mojang\text2speech\1.17.9\3cad216e3a7f0c19b4b394388bc9ffc446f13b14\text2speech-1.17.9.jar --lib C:\Users\qwarx.NOREEN-COMPUTER\.gradle\caches\modules-2\files-2.1\org.apache.httpcomponents\httpclient\4.5.13\e5f6cae5ca7ecaac1ec2827a9e2d65ae2869cada\httpclient-4.5.13.jar --lib C:\Users\qwarx.NOREEN-COMPUTER\.gradle\caches\modules-2\files-2.1\commons-codec\commons-codec\1.15\49d94806b6e3dc933dacbd8acb0fdbab8ebd1e5d\commons-codec-1.15.jar --lib C:\Users\qwarx.NOREEN-COMPUTER\.gradle\caches\modules-2\files-2.1\commons-io\commons-io\2.11.0\a2503f302b11ebde7ebc3df41daebe0e4eea3689\commons-io-2.11.0.jar --lib C:\Users\qwarx.NOREEN-COMPUTER\.gradle\caches\modules-2\files-2.1\commons-logging\commons-logging\1.2\4bfc12adfe4842bf07b657f0369c4cb522955686\commons-logging-1.2.jar --lib C:\Users\qwarx.NOREEN-COMPUTER\.gradle\caches\modules-2\files-2.1\io.netty\netty-handler\4.1.82.Final\644041d1fa96a5d3130a29e8978630d716d76e38\netty-handler-4.1.82.Final.jar --lib C:\Users\qwarx.NOREEN-COMPUTER\.gradle\caches\modules-2\files-2.1\io.netty\netty-codec\4.1.82.Final\b77200379acb345a9ffdece1c605e591ac3e4e0a\netty-codec-4.1.82.Final.jar --lib C:\Users\qwarx.NOREEN-COMPUTER\.gradle\caches\modules-2\files-2.1\io.netty\netty-transport-classes-epoll\4.1.82.Final\e7c7dd18deac93105797f30057c912651ea76521\netty-transport-classes-epoll-4.1.82.Final.jar --lib C:\Users\qwarx.NOREEN-COMPUTER\.gradle\caches\modules-2\files-2.1\io.netty\netty-transport-native-unix-common\4.1.82.Final\3e895b35ca1b8a0eca56cacff4c2dde5d2c6abce\netty-transport-native-unix-common-4.1.82.Final.jar --lib C:\Users\qwarx.NOREEN-COMPUTER\.gradle\caches\modules-2\files-2.1\io.netty\netty-transport\4.1.82.Final\e431a218d91acb6476ccad5f5aafde50aa3945ca\netty-transport-4.1.82.Final.jar --lib C:\Users\qwarx.NOREEN-COMPUTER\.gradle\caches\modules-2\files-2.1\io.netty\netty-buffer\4.1.82.Final\a544270cf1ae8b8077082f5036436a9a9971ea71\netty-buffer-4.1.82.Final.jar --lib C:\Users\qwarx.NOREEN-COMPUTER\.gradle\caches\modules-2\files-2.1\io.netty\netty-resolver\4.1.82.Final\38f665ae8dcd29032eea31245ba7806bed2e0fa8\netty-resolver-4.1.82.Final.jar --lib C:\Users\qwarx.NOREEN-COMPUTER\.gradle\caches\modules-2\files-2.1\io.netty\netty-common\4.1.82.Final\22d148e85c3f5ebdacc0ce1f5aabb1d420f73f3\netty-common-4.1.82.Final.jar --lib C:\Users\qwarx.NOREEN-COMPUTER\.gradle\caches\modules-2\files-2.1\it.unimi.dsi\fastutil\8.5.9\bb7ea75ecdb216654237830b3a96d87ad91f8cc5\fastutil-8.5.9.jar --lib C:\Users\qwarx.NOREEN-COMPUTER\.gradle\caches\modules-2\files-2.1\net.java.dev.jna\jna-platform\5.12.1\97406a297c852f4a41e688a176ec675f72e8329\jna-platform-5.12.1.jar --lib C:\Users\qwarx.NOREEN-COMPUTER\.gradle\caches\modules-2\files-2.1\net.java.dev.jna\jna\5.12.1\b1e93a735caea94f503e95e6fe79bf9cdc1e985d\jna-5.12.1.jar --lib C:\Users\qwarx.NOREEN-COMPUTER\.gradle\caches\modules-2\files-2.1\net.sf.jopt-simple\jopt-simple\5.0.4\4fdac2fbe92dfad86aa6e9301736f6b4342a3f5c\jopt-simple-5.0.4.jar --lib C:\Users\qwarx.NOREEN-COMPUTER\.gradle\caches\modules-2\files-2.1\org.apache.commons\commons-compress\1.21\4ec95b60d4e86b5c95a0e919cb172a0af98011ef\commons-compress-1.21.jar --lib C:\Users\qwarx.NOREEN-COMPUTER\.gradle\caches\modules-2\files-2.1\org.apache.commons\commons-lang3\3.12.0\c6842c86792ff03b9f1d1fe2aab8dc23aa6c6f0e\commons-lang3-3.12.0.jar --lib C:\Users\qwarx.NOREEN-COMPUTER\.gradle\caches\modules-2\files-2.1\org.apache.httpcomponents\httpcore\4.4.15\7f2e0c573eaa7a74bac2e89b359e1f73d92a0a1d\httpcore-4.4.15.jar --lib C:\Users\qwarx.NOREEN-COMPUTER\.gradle\caches\modules-2\files-2.1\org.apache.logging.log4j\log4j-core\2.19.0\3b6eeb4de4c49c0fe38a4ee27188ff5fee44d0bb\log4j-core-2.19.0.jar --lib C:\Users\qwarx.NOREEN-COMPUTER\.gradle\caches\modules-2\files-2.1\org.apache.logging.log4j\log4j-slf4j2-impl\2.19.0\5c04bfdd63ce9dceb2e284b81e96b6a70010ee10\log4j-slf4j2-impl-2.19.0.jar --lib C:\Users\qwarx.NOREEN-COMPUTER\.gradle\caches\modules-2\files-2.1\org.apache.logging.log4j\log4j-api\2.19.0\ea1b37f38c327596b216542bc636cfdc0b8036fa\log4j-api-2.19.0.jar --lib C:\Users\qwarx.NOREEN-COMPUTER\.gradle\caches\modules-2\files-2.1\org.joml\joml\1.10.5\22566d58af70ad3d72308bab63b8339906deb649\joml-1.10.5.jar --lib C:\Users\qwarx.NOREEN-COMPUTER\.gradle\caches\modules-2\files-2.1\org.lwjgl\lwjgl-glfw\3.3.1\cbac1b8d30cb4795149c1ef540f912671a8616d0\lwjgl-glfw-3.3.1.jar --lib C:\Users\qwarx.NOREEN-COMPUTER\.gradle\caches\modules-2\files-2.1\org.lwjgl\lwjgl-glfw\3.3.1\ed892f945cf7e79c8756796f32d00fa4ceaf573b\lwjgl-glfw-3.3.1-natives-windows.jar --lib C:\Users\qwarx.NOREEN-COMPUTER\.gradle\caches\modules-2\files-2.1\org.lwjgl\lwjgl-glfw\3.3.1\beda65ee503443e60aa196d58ed31f8d001dc22a\lwjgl-glfw-3.3.1-natives-windows-arm64.jar --lib C:\Users\qwarx.NOREEN-COMPUTER\.gradle\caches\modules-2\files-2.1\org.lwjgl\lwjgl-glfw\3.3.1\b997e3391d6ce8f05487e7335d95c606043884a1\lwjgl-glfw-3.3.1-natives-windows-x86.jar --lib C:\Users\qwarx.NOREEN-COMPUTER\.gradle\caches\modules-2\files-2.1\org.lwjgl\lwjgl-jemalloc\3.3.1\a817bcf213db49f710603677457567c37d53e103\lwjgl-jemalloc-3.3.1.jar --lib C:\Users\qwarx.NOREEN-COMPUTER\.gradle\caches\modules-2\files-2.1\org.lwjgl\lwjgl-jemalloc\3.3.1\948a89b76a16aa324b046ae9308891216ffce5f9\lwjgl-jemalloc-3.3.1-natives-windows.jar --lib C:\Users\qwarx.NOREEN-COMPUTER\.gradle\caches\modules-2\files-2.1\org.lwjgl\lwjgl-jemalloc\3.3.1\cae85c4edb219c88b6a0c26a87955ad98dc9519d\lwjgl-jemalloc-3.3.1-natives-windows-arm64.jar --lib C:\Users\qwarx.NOREEN-COMPUTER\.gradle\caches\modules-2\files-2.1\org.lwjgl\lwjgl-jemalloc\3.3.1\fb476c8ec110e1c137ad3ce8a7f7bfe6b11c6324\lwjgl-jemalloc-3.3.1-natives-windows-x86.jar --lib C:\Users\qwarx.NOREEN-COMPUTER\.gradle\caches\modules-2\files-2.1\org.lwjgl\lwjgl-openal\3.3.1\2623a6b8ae1dfcd880738656a9f0243d2e6840bd\lwjgl-openal-3.3.1.jar --lib C:\Users\qwarx.NOREEN-COMPUTER\.gradle\caches\modules-2\files-2.1\org.lwjgl\lwjgl-openal\3.3.1\30a474d0e57193d7bc128849a3ab66bc9316fdb1\lwjgl-openal-3.3.1-natives-windows.jar --lib C:\Users\qwarx.NOREEN-COMPUTER\.gradle\caches\modules-2\files-2.1\org.lwjgl\lwjgl-openal\3.3.1\40d65f1a7368a2aa47336f9cb69f5a190cf9975a\lwjgl-openal-3.3.1-natives-windows-arm64.jar --lib C:\Users\qwarx.NOREEN-COMPUTER\.gradle\caches\modules-2\files-2.1\org.lwjgl\lwjgl-openal\3.3.1\888349f7b1be6fbae58bf8edfb9ef12def04c4e3\lwjgl-openal-3.3.1-natives-windows-x86.jar --lib C:\Users\qwarx.NOREEN-COMPUTER\.gradle\caches\modules-2\files-2.1\org.lwjgl\lwjgl-opengl\3.3.1\831a5533a21a5f4f81bbc51bb13e9899319b5411\lwjgl-opengl-3.3.1.jar --lib C:\Users\qwarx.NOREEN-COMPUTER\.gradle\caches\modules-2\files-2.1\org.lwjgl\lwjgl-opengl\3.3.1\c1807e9bd571402787d7e37e3029776ae2513bb8\lwjgl-opengl-3.3.1-natives-windows.jar --lib C:\Users\qwarx.NOREEN-COMPUTER\.gradle\caches\modules-2\files-2.1\org.lwjgl\lwjgl-opengl\3.3.1\527d78f1e9056aff3ed02ce93019c73c5e8f1721\lwjgl-opengl-3.3.1-natives-windows-arm64.jar --lib C:\Users\qwarx.NOREEN-COMPUTER\.gradle\caches\modules-2\files-2.1\org.lwjgl\lwjgl-opengl\3.3.1\deef3eb9b178ff2ff3ce893cc72ae741c3a17974\lwjgl-opengl-3.3.1-natives-windows-x86.jar --lib C:\Users\qwarx.NOREEN-COMPUTER\.gradle\caches\modules-2\files-2.1\org.lwjgl\lwjgl-stb\3.3.1\b119297cf8ed01f247abe8685857f8e7fcf5980f\lwjgl-stb-3.3.1.jar --lib C:\Users\qwarx.NOREEN-COMPUTER\.gradle\caches\modules-2\files-2.1\org.lwjgl\lwjgl-stb\3.3.1\86315914ac119efdb02dc9e8e978ade84f1702af\lwjgl-stb-3.3.1-natives-windows.jar --lib C:\Users\qwarx.NOREEN-COMPUTER\.gradle\caches\modules-2\files-2.1\org.lwjgl\lwjgl-stb\3.3.1\fde63cdd2605c00636721a6c8b961e41d1f6b247\lwjgl-stb-3.3.1-natives-windows-arm64.jar --lib C:\Users\qwarx.NOREEN-COMPUTER\.gradle\caches\modules-2\files-2.1\org.lwjgl\lwjgl-stb\3.3.1\a8d41f419eecb430b7c91ea2ce2c5c451cae2091\lwjgl-stb-3.3.1-natives-windows-x86.jar --lib C:\Users\qwarx.NOREEN-COMPUTER\.gradle\caches\modules-2\files-2.1\org.lwjgl\lwjgl-tinyfd\3.3.1\ff1914111ef2e3e0110ef2dabc8d8cdaad82347\lwjgl-tinyfd-3.3.1.jar --lib C:\Users\qwarx.NOREEN-COMPUTER\.gradle\caches\modules-2\files-2.1\org.lwjgl\lwjgl-tinyfd\3.3.1\a5d830475ec0958d9fdba1559efa99aef211e6ff\lwjgl-tinyfd-3.3.1-natives-windows.jar --lib C:\Users\qwarx.NOREEN-COMPUTER\.gradle\caches\modules-2\files-2.1\org.lwjgl\lwjgl-tinyfd\3.3.1\83a5e780df610829ff3a737822b4f931cffecd91\lwjgl-tinyfd-3.3.1-natives-windows-arm64.jar --lib C:\Users\qwarx.NOREEN-COMPUTER\.gradle\caches\modules-2\files-2.1\org.lwjgl\lwjgl-tinyfd\3.3.1\842eedd876fae354abc308c98a263f6bbc9e8a4d\lwjgl-tinyfd-3.3.1-natives-windows-x86.jar --lib C:\Users\qwarx.NOREEN-COMPUTER\.gradle\caches\modules-2\files-2.1\org.lwjgl\lwjgl\3.3.1\ae58664f88e18a9bb2c77b063833ca7aaec484cb\lwjgl-3.3.1.jar --lib C:\Users\qwarx.NOREEN-COMPUTER\.gradle\caches\modules-2\files-2.1\org.lwjgl\lwjgl\3.3.1\36c37f16ab611b3aa11f3bcf80b1d509b4ce6b\lwjgl-3.3.1-natives-windows.jar --lib C:\Users\qwarx.NOREEN-COMPUTER\.gradle\caches\modules-2\files-2.1\org.lwjgl\lwjgl\3.3.1\f46cadcf95675908fd3a550d63d9d709cb68998\lwjgl-3.3.1-natives-windows-arm64.jar --lib C:\Users\qwarx.NOREEN-COMPUTER\.gradle\caches\modules-2\files-2.1\org.lwjgl\lwjgl\3.3.1\3b14f4beae9dd39791ec9e12190a9380cd8a3ce6\lwjgl-3.3.1-natives-windows-x86.jar --lib C:\Users\qwarx.NOREEN-COMPUTER\.gradle\caches\modules-2\files-2.1\com.machinezoo.noexception\noexception\1.7.1\b65330c98e38a1f915fa54a6e5eca496505e3f0a\noexception-1.7.1.jar --lib C:\Users\qwarx.NOREEN-COMPUTER\.gradle\caches\modules-2\files-2.1\org.slf4j\slf4j-api\2.0.1\f48d81adce2abf5ad3cfe463df517952749e03bc\slf4j-api-2.0.1.jar --lib C:\Users\qwarx.NOREEN-COMPUTER\.gradle\caches\modules-2\files-2.1\org.codehaus.plexus\plexus-utils\3.3.0\cf43b5391de623b36fe066a21127baef82c64022\plexus-utils-3.3.0.jar --lib C:\Users\qwarx.NOREEN-COMPUTER\.gradle\caches\modules-2\files-2.1\com.google.guava\listenablefuture\9999.0-empty-to-avoid-conflict-with-guava\b421526c5f297295adef1c886e5246c39d4ac629\listenablefuture-9999.0-empty-to-avoid-conflict-with-guava.jar --lib C:\Users\qwarx.NOREEN-COMPUTER\.gradle\caches\modules-2\files-2.1\org.checkerframework\checker-qual\3.12.0\d5692f0526415fcc6de94bb5bfbd3afd9dd3b3e5\checker-qual-3.12.0.jar --lib C:\Users\qwarx.NOREEN-COMPUTER\.gradle\caches\modules-2\files-2.1\com.google.errorprone\error_prone_annotations\2.11.0\c5a0ace696d3f8b1c1d8cc036d8c03cc0cbe6b69\error_prone_annotations-2.11.0.jar --lib C:\Users\qwarx.NOREEN-COMPUTER\.gradle\caches\modules-2\files-2.1\com.google.j2objc\j2objc-annotations\1.3\ba035118bc8bac37d7eff77700720999acd9986d\j2objc-annotations-1.3.jar --lib C:\Users\qwarx.NOREEN-COMPUTER\.gradle\caches\modules-2\files-2.1\org.antlr\ST4\4.3\92f2c1ad8d84abcbeead6cf7f2c53a04166293c2\ST4-4.3.jar --lib C:\Users\qwarx.NOREEN-COMPUTER\.gradle\caches\modules-2\files-2.1\org.antlr\antlr-runtime\3.5.2\cd9cd41361c155f3af0f653009dcecb08d8b4afd\antlr-runtime-3.5.2.jar --lib C:\Users\qwarx.NOREEN-COMPUTER\.gradle\caches\modules-2\files-2.1\org.abego.treelayout\org.abego.treelayout.core\1.0.3\457216e8e6578099ae63667bb1e4439235892028\org.abego.treelayout.core-1.0.3.jar --lib C:\Users\qwarx.NOREEN-COMPUTER\.gradle\caches\modules-2\files-2.1\org.glassfish\javax.json\1.0.4\3178f73569fd7a1e5ffc464e680f7a8cc784b85a\javax.json-1.0.4.jar --disable-abstract-param

Host: Intel(R) Core(TM) i7-8700 CPU @ 3.20GHz, 12 cores, 15G,  Windows 11 , 64 bit Build 26100 (10.0.26100.7653)
Time: Fri Jun  5 17:11:48 2026 GMT Summer Time elapsed time: 0.014346 seconds (0d 0h 0m 0s)

---------------  T H R E A D  ---------------

Current thread (0x00000253dcb47d10):  JavaThread "Unknown thread" [_thread_in_vm, id=6960, stack(0x00000080d5300000,0x00000080d5400000)]

Stack: [0x00000080d5300000,0x00000080d5400000]
Native frames: (J=compiled Java code, j=interpreted, Vv=VM code, C=native code)
V  [jvm.dll+0x68c459]  (no source info available)
V  [jvm.dll+0x845e09]  (no source info available)
V  [jvm.dll+0x847b78]  (no source info available)
V  [jvm.dll+0x848203]  (no source info available)
V  [jvm.dll+0x24cf6f]  (no source info available)
V  [jvm.dll+0x68b859]  (no source info available)
V  [jvm.dll+0x67fe1a]  (no source info available)
V  [jvm.dll+0x3100f0]  (no source info available)
V  [jvm.dll+0x30ff92]  (no source info available)
V  [jvm.dll+0x3174e9]  (no source info available)
V  [jvm.dll+0x3697f3]  (no source info available)
V  [jvm.dll+0x3699fd]  (no source info available)
V  [jvm.dll+0x2e68fa]  (no source info available)
V  [jvm.dll+0x2e7808]  (no source info available)
V  [jvm.dll+0x8182be]  (no source info available)
V  [jvm.dll+0x377431]  (no source info available)
V  [jvm.dll+0x7f6905]  (no source info available)
V  [jvm.dll+0x3fd2ab]  (no source info available)
V  [jvm.dll+0x3feee1]  (no source info available)
C  [jli.dll+0x52f0]  (no source info available)
C  [ucrtbase.dll+0x37b0]  (no source info available)
C  [KERNEL32.DLL+0x2e8d7]  (no source info available)
C  [ntdll.dll+0x8c40c]  (no source info available)


---------------  P R O C E S S  ---------------

Threads class SMR info:
_java_thread_list=0x00007ff9d1237018, length=0, elements={
}

Java Threads: ( => current thread )

Other Threads:
  0x00000253dcbb7080 GCTaskThread "GC Thread#0" [stack: 0x00000080d5400000,0x00000080d5500000] [id=18800]
  0x00000253dcbc7da0 ConcurrentGCThread "G1 Main Marker" [stack: 0x00000080d5500000,0x00000080d5600000] [id=19068]
  0x00000253dcbca0f0 ConcurrentGCThread "G1 Conc#0" [stack: 0x00000080d5600000,0x00000080d5700000] [id=3544]

[error occurred during error reporting (printing all threads), id 0xc0000005, EXCEPTION_ACCESS_VIOLATION (0xc0000005) at pc=0x00007ff9d09e7437]

VM state: not at safepoint (not fully initialized)

VM Mutex/Monitor currently owned by a thread:  ([mutex/lock_event])
[0x00000253da73b4f0] Heap_lock - owner thread: 0x00000253dcb47d10

Heap address: 0x0000000702a00000, size: 4054 MB, Compressed Oops mode: Zero based, Oop shift amount: 3

CDS archive(s) mapped at: [0x0000000000000000-0x0000000000000000-0x0000000000000000), size 0, SharedBaseAddress: 0x0000000800000000, ArchiveRelocationMode: 1.
Narrow klass base: 0x0000000000000000, Narrow klass shift: 0, Narrow klass range: 0x0

GC Precious Log:
<Empty>

Heap:
 garbage-first heap   total 0K, used 0K [0x0000000702a00000, 0x0000000800000000)
  region size 2048K, 0 young (0K), 0 survivors (0K)

[error occurred during error reporting (printing heap information), id 0xc0000005, EXCEPTION_ACCESS_VIOLATION (0xc0000005) at pc=0x00007ff9d0dd8509]

GC Heap History (0 events):
No events

Dll operation events (1 events):
Event: 0.010 Loaded shared library C:\Program Files\Microsoft\jdk-17.0.17.10-hotspot\bin\java.dll

Deoptimization events (0 events):
No events

Classes loaded (0 events):
No events

Classes unloaded (0 events):
No events

Classes redefined (0 events):
No events

Internal exceptions (0 events):
No events

VM Operations (0 events):
No events

Memory protections (0 events):
No events

Nmethod flushes (0 events):
No events

Events (0 events):
No events


Dynamic libraries:
0x00007ff7d73d0000 - 0x00007ff7d73de000 	C:\Program Files\Microsoft\jdk-17.0.17.10-hotspot\bin\java.exe
0x00007ffacde00000 - 0x00007fface068000 	C:\WINDOWS\SYSTEM32\ntdll.dll
0x00007ffacc010000 - 0x00007ffacc0d9000 	C:\WINDOWS\System32\KERNEL32.DLL
0x00007ffacb650000 - 0x00007ffacba41000 	C:\WINDOWS\System32\KERNELBASE.dll
0x00007ffacba50000 - 0x00007ffacbb9b000 	C:\WINDOWS\System32\ucrtbase.dll
0x00007ffa9e0a0000 - 0x00007ffa9e0b8000 	C:\Program Files\Microsoft\jdk-17.0.17.10-hotspot\bin\jli.dll
0x00007ffab3190000 - 0x00007ffab31ae000 	C:\Program Files\Microsoft\jdk-17.0.17.10-hotspot\bin\VCRUNTIME140.dll
0x00007ffacbd20000 - 0x00007ffacbee6000 	C:\WINDOWS\System32\USER32.dll
0x00007ffaca9a0000 - 0x00007ffaca9c7000 	C:\WINDOWS\System32\win32u.dll
0x00007ffab9780000 - 0x00007ffab9a13000 	C:\WINDOWS\WinSxS\amd64_microsoft.windows.common-controls_6595b64144ccf1df_6.0.26100.7653_none_3e0b88a0e3318624\COMCTL32.dll
0x00007ffacdd90000 - 0x00007ffacddbb000 	C:\WINDOWS\System32\GDI32.dll
0x00007ffacac00000 - 0x00007ffacad2b000 	C:\WINDOWS\System32\gdi32full.dll
0x00007ffacc130000 - 0x00007ffacc1d9000 	C:\WINDOWS\System32\msvcrt.dll
0x00007ffacad30000 - 0x00007ffacadd3000 	C:\WINDOWS\System32\msvcp_win.dll
0x00007ffacd130000 - 0x00007ffacd161000 	C:\WINDOWS\System32\IMM32.DLL
0x00007ffac5b50000 - 0x00007ffac5b5c000 	C:\Program Files\Microsoft\jdk-17.0.17.10-hotspot\bin\vcruntime140_1.dll
0x00007ffa98820000 - 0x00007ffa988a9000 	C:\Program Files\Microsoft\jdk-17.0.17.10-hotspot\bin\msvcp140.dll
0x00007ff9d06f0000 - 0x00007ff9d136a000 	C:\Program Files\Microsoft\jdk-17.0.17.10-hotspot\bin\server\jvm.dll
0x00007ffacc3e0000 - 0x00007ffacc494000 	C:\WINDOWS\System32\ADVAPI32.dll
0x00007ffacd080000 - 0x00007ffacd126000 	C:\WINDOWS\System32\sechost.dll
0x00007ffacbef0000 - 0x00007ffacc008000 	C:\WINDOWS\System32\RPCRT4.dll
0x00007ffacdd10000 - 0x00007ffacdd84000 	C:\WINDOWS\System32\WS2_32.dll
0x00007ffaca490000 - 0x00007ffaca4ee000 	C:\WINDOWS\SYSTEM32\POWRPROF.dll
0x00007ffac3890000 - 0x00007ffac389b000 	C:\WINDOWS\SYSTEM32\VERSION.dll
0x00007ffac27c0000 - 0x00007ffac27f5000 	C:\WINDOWS\SYSTEM32\WINMM.dll
0x00007ffaca370000 - 0x00007ffaca384000 	C:\WINDOWS\SYSTEM32\UMPDC.dll
0x00007ffac9450000 - 0x00007ffac946b000 	C:\WINDOWS\SYSTEM32\kernel.appcore.dll
0x00007ffab3880000 - 0x00007ffab388a000 	C:\Program Files\Microsoft\jdk-17.0.17.10-hotspot\bin\jimage.dll
0x00007ffac8740000 - 0x00007ffac8982000 	C:\WINDOWS\SYSTEM32\DBGHELP.DLL
0x00007ffacc710000 - 0x00007ffacca96000 	C:\WINDOWS\System32\combase.dll
0x00007ffaccaa0000 - 0x00007ffaccb77000 	C:\WINDOWS\System32\OLEAUT32.dll
0x00007ffaa3810000 - 0x00007ffaa384b000 	C:\WINDOWS\SYSTEM32\dbgcore.DLL
0x00007ffacab50000 - 0x00007ffacabf5000 	C:\WINDOWS\System32\bcryptPrimitives.dll
0x00007ffa9a9b0000 - 0x00007ffa9a9d6000 	C:\Program Files\Microsoft\jdk-17.0.17.10-hotspot\bin\java.dll

dbghelp: loaded successfully - version: 4.0.5 - missing functions: none
symbol engine: initialized successfully - sym options: 0x614 - pdb path: .;C:\Program Files\Microsoft\jdk-17.0.17.10-hotspot\bin;C:\WINDOWS\SYSTEM32;C:\WINDOWS\WinSxS\amd64_microsoft.windows.common-controls_6595b64144ccf1df_6.0.26100.7653_none_3e0b88a0e3318624;C:\Program Files\Microsoft\jdk-17.0.17.10-hotspot\bin\server

VM Arguments:
jvm_args: -Dfile.encoding=UTF-8 -Duser.country=GB -Duser.language=en -Duser.variant 
java_command: net.minecraftforge.renamer.Main --input C:\Users\qwarx.NOREEN-COMPUTER\EzyNetherrack\build\libs\ezynetherrack-1.0-SNAPSHOT.jar --output C:\Users\qwarx.NOREEN-COMPUTER\EzyNetherrack\build\reobfJar\output.jar --names C:\Users\qwarx.NOREEN-COMPUTER\EzyNetherrack\build\reobfJar\mappings.tsrg --lib C:\Users\qwarx.NOREEN-COMPUTER\.gradle\caches\forge_gradle\minecraft_user_repo\net\minecraftforge\forge\1.20.1-47.4.20_mapped_official_1.20.1\forge-1.20.1-47.4.20_mapped_official_1.20.1.jar --lib C:\Users\qwarx.NOREEN-COMPUTER\.gradle\caches\forge_gradle\minecraft_repo\versions\1.20.1\client-extra.jar --lib C:\Users\qwarx.NOREEN-COMPUTER\.gradle\caches\modules-2\files-2.1\net.minecraftforge\fmlloader\1.20.1-47.4.20\8798bdd148d476c7ec54d8156f88de5e243c2dfb\fmlloader-1.20.1-47.4.20.jar --lib C:\Users\qwarx.NOREEN-COMPUTER\.gradle\caches\modules-2\files-2.1\net.minecraftforge\JarJarSelector\0.3.19\376cc9c8ea60720cf027c01fc033de915699801c\JarJarSelector-0.3.19.jar --lib C:\Users\qwarx.NOREEN-COMPUTER\.gradle\caches\modules-2\files-2.1\net.minecraftforge\JarJarMetadata\0.3.19\83feaa9b770e6ac0e96ee4fc23fa89325c5fe2\JarJarMetadata-0.3.19.jar --lib C:\Users\qwarx.NOREEN-COMPUTER\.gradle\caches\modules-2\files-2.1\com.google.guava\guava\31.1-jre\60458f877d055d0c9114d9e1a2efb737b4bc282c\guava-31.1-jre.jar --lib C:\Users\qwarx.NOREEN-COMPUTER\.gradle\caches\modules-2\files-2.1\com.google.code.findbugs\jsr305\3.0.2\25ea2e8b0c338a877313bd4672d3fe056ea78f0d\jsr305-3.0.2.jar --lib C:\Users\qwarx.NOREEN-COMPUTER\.gradle\caches\modules-2\files-2.1\ca.weblite\java-objc-bridge\1.1\1227f9e0666314f9de41477e3ec277e542ed7f7b\java-objc-bridge-1.1.jar --lib C:\Users\qwarx.NOREEN-COMPUTER\.gradle\caches\modules-2\files-2.1\net.minecraftforge\forgespi\7.0.1\3b4972a0cdb135853dba219be61a79b22cff1309\forgespi-7.0.1.jar --lib C:\Users\qwarx.NOREEN-COMPUTER\.gradle\caches\modules-2\files-2.1\net.minecraftforge\mergetool\1.1.5\f3da18e12c696d35a47c82cbb2cc8b5aa15e1154\mergetool-1.1.5-api.jar --
java_class_path (initial): C:\Users\qwarx.NOREEN-COMPUTER\.gradle\caches\forge_gradle\maven_downloader\net\minecraftforge\renamer\2.0.4\renamer-2.0.4-all.jar
Launcher Type: SUN_STANDARD

[Global flags]
     intx CICompilerCount                          = 4                                         {product} {ergonomic}
     uint ConcGCThreads                            = 3                                         {product} {ergonomic}
     uint G1ConcRefinementThreads                  = 10                                        {product} {ergonomic}
   size_t G1HeapRegionSize                         = 2097152                                   {product} {ergonomic}
    uintx GCDrainStackTargetSize                   = 64                                        {product} {ergonomic}
   size_t InitialHeapSize                          = 266338304                                 {product} {ergonomic}
   size_t MarkStackSize                            = 4194304                                   {product} {ergonomic}
   size_t MaxHeapSize                              = 4250927104                                {product} {ergonomic}
   size_t MinHeapDeltaBytes                        = 2097152                                   {product} {ergonomic}
   size_t MinHeapSize                              = 8388608                                   {product} {ergonomic}
    uintx NonNMethodCodeHeapSize                   = 5839372                                {pd product} {ergonomic}
    uintx NonProfiledCodeHeapSize                  = 122909434                              {pd product} {ergonomic}
    uintx ProfiledCodeHeapSize                     = 122909434                              {pd product} {ergonomic}
    uintx ReservedCodeCacheSize                    = 251658240                              {pd product} {ergonomic}
     bool SegmentedCodeCache                       = true                                      {product} {ergonomic}
   size_t SoftMaxHeapSize                          = 4250927104                             {manageable} {ergonomic}
     bool UseCompressedClassPointers               = true                           {product lp64_product} {ergonomic}
     bool UseCompressedOops                        = true                           {product lp64_product} {ergonomic}
     bool UseG1GC                                  = true                                      {product} {ergonomic}
     bool UseLargePagesIndividualAllocation        = false                                  {pd product} {ergonomic}

Logging:
Log output configuration:
 #0: stdout all=warning uptime,level,tags
 #1: stderr all=off uptime,level,tags

Environment Variables:
JAVA_HOME=C:\Program Files\Microsoft\jdk-17.0.17.10-hotspot
PATH=C:\Program Files\Eclipse Adoptium\jdk-8.0.492.9-hotspot\bin;C:\Program Files\Eclipse Adoptium\jdk-17.0.18.8-hotspot\bin;C:\Users\qwarx.NOREEN-COMPUTER\AppData\Local\Programs\Python\Python314\Scripts\;C:\Users\qwarx.NOREEN-COMPUTER\AppData\Local\Programs\Python\Python314\;C:\Program Files\ImageMagick-7.1.2-Q16-HDRI;C:\Program Files\Microsoft\jdk-17.0.17.10-hotspot\bin;C:\Program Files\Common Files\Oracle\Java\javapath;C:\WINDOWS\system32;C:\WINDOWS;C:\WINDOWS\System32\Wbem;C:\WINDOWS\System32\WindowsPowerShell\v1.0\;C:\WINDOWS\System32\OpenSSH\;C:\Program Files\NVIDIA Corporation\NVIDIA App\NvDLISR;C:\Program Files\dotnet\;C:\Program Files (x86)\AOMEI\AOMEI Backupper\7.5.0;C:\Program Files\Git\cmd;C:\Program Files (x86)\Plantronics\Spokes3G\;C:\Program Files\PuTTY\;C:\Program Files\Docker\Docker\resources\bin;C:\Program Files\nodejs\;C:\ProgramData\chocolatey\bin;C:\Program Files\GitHub CLI\;C:\Program Files\CMake\bin;C:\Program Files (x86)\NVIDIA Corporation\PhysX\Common;C:\Program Files\Tailscale\;C:\Users\qwarx.NOREEN-COMPUTER\anaconda3;C:\Users\qwarx.NOREEN-COMPUTER\anaconda3\Library\mingw-w64\bin;C:\Users\qwarx.NOREEN-COMPUTER\anaconda3\Library\usr\bin;C:\Users\qwarx.NOREEN-COMPUTER\anaconda3\Library\bin;C:\Users\qwarx.NOREEN-COMPUTER\anaconda3\Scripts;C:\Program Files\Microsoft\jdk-17.0.17.10-hotspot\bin;C:\Program Files\Eclipse Adoptium\jdk-8.0.492.9-hotspot\bin;C:\Program Files\Eclipse Adoptium\jdk-17.0.18.8-hotspot\bin;C:\Users\qwarx.NOREEN-COMPUTER\AppData\Local\Programs\Python\Python314\Scripts\;C:\Users\qwarx.NOREEN-COMPUTER\AppData\Local\Programs\Python\Python314\;C:\Program Files\ImageMagick-7.1.2-Q16-HDRI;C:\Program Files\Microsoft\jdk-17.0.17.10-hotspot\bin;C:\Program Files\Common Files\Oracle\Java\javapath;C:\WINDOWS\system32;C:\WINDOWS;C:\WINDOWS\System32\Wbem;C:\WINDOWS\System32\WindowsPowerShell\v1.0\;C:\WINDOWS\System32\OpenSSH\;C:\Program Files\NVIDIA Corporation\NVIDIA App\NvDLISR;C:\Program Files\dotnet\;C:\Program Files (x86)\AOMEI\AOMEI Backupper\7.5.0;C:\Program Files\Git\cmd;C:\Program Files (x86)\Plantronics\Spokes3G\;C:\Program Files\PuTTY\;C:\Program Files\Docker\Docker\resources\bin;C:\Program Files\nodejs\;C:\ProgramData\chocolatey\bin;C:\Program Files\GitHub CLI\;C:\Program Files\CMake\bin;C:\Program Files (x86)\NVIDIA Corporation\PhysX\Common;C:\Program Files\Tailscale\;C:\Users\qwarx.NOREEN-COMPUTER\AppData\Local\Programs\Microsoft VS Code\bin;C:\Users\qwarx.NOREEN-COMPUTER\AppData\Roaming\npm;C:\Users\qwarx.NOREEN-COMPUTER\AppData\Local\Python\bin; C:\Users\qwarx.NOREEN-COMPUTER\AppData\Local\Programs\Python\Python311;C:\Users\qwarx.NOREEN-COMPUTER\.dotnet\tools
USERNAME=qwarx
OS=Windows_NT
PROCESSOR_IDENTIFIER=Intel64 Family 6 Model 158 Stepping 10, GenuineIntel
TMP=C:\Users\qwarx.NOREEN-COMPUTER\AppData\Local\Temp
TEMP=C:\Users\qwarx.NOREEN-COMPUTER\AppData\Local\Temp



Periodic native trim disabled


---------------  S Y S T E M  ---------------

OS:
 Windows 11 , 64 bit Build 26100 (10.0.26100.7653)
OS uptime: 0 days 22:48 hours
Hyper-V role detected

CPU: total 12 (initial active 12) (6 cores per cpu, 2 threads per core) family 6 model 158 stepping 10 microcode 0xf8, cx8, cmov, fxsr, ht, mmx, 3dnowpref, sse, sse2, sse3, ssse3, sse4.1, sse4.2, popcnt, lzcnt, tsc, tscinvbit, avx, avx2, aes, erms, clmul, bmi1, bmi2, rtm, adx, fma, vzeroupper, clflush, clflushopt, hv
Processor Information for the first 12 processors :
  Max Mhz: 3192, Current Mhz: 3192, Mhz Limit: 3192

Memory: 4k page, system-wide physical 16214M (1632M free)
TotalPageFile size 31035M (AvailPageFile size 6M)
current process WorkingSet (physical memory assigned to process): 13M, peak: 13M
current process commit charge ("private bytes"): 323M, peak: 327M

vm_info: OpenJDK 64-Bit Server VM (17.0.17+10-LTS) for windows-amd64 JRE (17.0.17+10-LTS), built on Oct 13 2025 22:19:56 by "MicrosoftCorporation" with unknown MS VC++:1944

END.
